1643
0
1
cd-a 8
1
2
dab-b 8
ehb-b 1
2
6
bi-c 1
di-c 1
bih-c 1
dgc-c 1
fcd-c 7
dgj-c 1
3
6
cd-d 1
bjg-d 1
cbd-d 1
hcj-d 1
ii-d 5
bcb-d 3
4
3
d-e 1
cba-e 1
hic-e 8
5
7
e-f 1
bc-f 1
ff-f 1
bda-f 1
jcc-f 1
jbb-f 2
bdjf-f 6
6
6
bfg-g 1
ehc-g 2
iee-g 2
eie-g 2
gic-g 3
bedj-g 1
7
1
bfa-h 8
8
3
geg-i 4
gie-i 4
bahi-i 1
9
4
bi-j 1
ce-j 1
heg-j 2
fbj-j 6
10
2
bdi-ba 6
dhf-ba 3
11
8
bae-bb 1
gc-bb 1
bcb-bb 1
bee-bb 5
cd-bb 1
bcea-bb 1
bcef-bb 1
bgf-bb 2
12
6
ddf-bc 1
ccj-bc 1
dgf-bc 6
baid-bc 1
hbf-bc 1
daa-bc 2
13
3
cch-bd 7
cjb-bd 1
bejh-bd 1
14
4
fec-be 2
bbbj-be 3
babg-be 1
beai-be 4
15
2
hi-bf 4
dh-bf 5
16
7
bi-bg 1
jf-bg 1
iag-bg 1
fib-bg 1
gge-bg 2
bdii-bg 5
baae-bg 1
17
3
hjd-bh 1
ihi-bh 6
bgeh-bh 3
18
5
bc-bi 1
feh-bi 1
hej-bi 1
fic-bi 7
babg-bi 2
19
8
bc-bj 2
ch-bj 1
dg-bj 1
db-bj 2
dhf-bj 1
cii-bj 2
hcj-bj 2
bdbf-bj 1
20
4
cd-ca 1
bai-ca 1
dfg-ca 1
gjh-ca 8
21
3
dcc-cb 3
did-cb 2
edb-cb 5
22
4
ff-cc 2
dgf-cc 4
jgi-cc 2
badc-cc 1
23
6
bhd-cd 1
fae-cd 1
dbg-cd 5
gfa-cd 1
ffb-cd 3
bcaj-cd 1
24
4
bi-ce 2
ef-ce 1
jgf-ce 4
jag-ce 3
25
5
cc-cf 1
fhg-cf 1
eac-cf 5
bbci-cf 2
def-cf 1
26
7
ca-cg 1
eh-cg 2
chb-cg 2
deg-cg 1
deb-cg 2
bd-cg 4
hhc-cg 2
27
6
cd-ch 1
bjd-ch 1
dji-ch 4
ddb-ch 1
hch-ch 2
jgg-ch 1
28
5
hif-ci 1
gbg-ci 1
befi-ci 1
bffg-ci 6
hfh-ci 1
29
3
egd-cj 3
fbi-cj 2
bfgd-cj 5
30
8
ea-da 1
bhd-da 2
eej-da 2
bdf-da 2
gda-da 1
fai-da 2
bcei-da 2
beib-da 1
31
7
bc-db 1
cd-db 1
gi-db 1
bgj-db 1
cbh-db 2
cfj-db 1
bbde-db 4
32
6
ecg-dc 1
iag-dc 1
jbf-dc 1
iej-dc 6
ifh-dc 1
bbgj-dc 1
33
3
fc-dd 2
dfg-dd 1
babg-dd 7
34
4
di-de 3
bhe-de 2
ghj-de 4
eih-de 1
35
5
gc-df 1
igi-df 1
iei-df 1
ibf-df 1
bfgb-df 8
36
8
cee-dg 1
bed-dg 1
hah-dg 1
bcii-dg 5
bdfc-dg 1
bcag-dg 1
bebe-dg 2
bgfe-dg 1
37
5
dc-dh 1
db-dh 1
hha-dh 2
gcd-dh 1
bagf-dh 7
38
1
haf-di 8
39
3
cbh-dj 6
ef-dj 2
gdb-dj 1
40
6
dbb-ea 2
cgg-ea 1
jjh-ea 3
jff-ea 3
eee-ea 1
fda-ea 1
41
3
hac-eb 1
cdi-eb 6
bbfc-eb 2
42
5
fi-ec 1
fc-ec 1
ege-ec 1
ci-ec 1
cdc-ec 7
43
5
eb-ed 1
ech-ed 2
edf-ed 1
bcia-ed 4
bfdc-ed 3
44
3
ejg-ee 2
cfb-ee 1
bacc-ee 6
45
7
bgd-ef 1
bgb-ef 1
cij-ef 1
egh-ef 1
ige-ef 5
cih-ef 3
beeh-ef 1
46
5
bcd-eg 1
bdj-eg 1
cbg-eg 1
ffd-eg 1
ggg-eg 8
47
5
bjb-eh 1
fdd-eh 1
bbfg-eh 1
gdh-eh 7
bbei-eh 1
48
6
bb-ei 1
cbh-ei 1
dff-ei 1
bbje-ei 1
jfj-ei 5
bcjf-ei 2
49
3
cd-ej 1
jia-ej 1
baig-ej 8
50
6
bcb-fa 1
hg-fa 1
bc-fa 1
bhg-fa 1
jji-fa 1
dhe-fa 7
51
3
bdc-fb 3
dfa-fb 3
bcch-fb 3
52
5
jb-fc 1
bcj-fc 1
eab-fc 1
fif-fc 3
bfch-fc 6
53
4
je-fd 1
dd-fd 5
daf-fd 1
dhe-fd 2
54
1
jic-fe 8
55
7
ic-ff 1
bdf-ff 1
dbd-ff 2
bed-ff 1
cje-ff 2
bdcg-ff 2
gb-ff 4
56
1
bfaf-fg 8
57
7
d-fh 1
bdb-fh 1
ccb-fh 2
jh-fh 1
jie-fh 1
jjd-fh 1
bejb-fh 5
58
3
fg-fi 2
hee-fi 2
bfdg-fi 5
59
7
ff-fj 1
bea-fj 1
dbg-fj 5
ddg-fj 1
hfh-fj 1
ifd-fj 1
bcha-fj 2
60
6
cg-ga 1
cih-ga 1
dac-ga 1
eah-ga 1
bi-ga 5
fga-ga 3
61
2
bbeb-gb 1
bbjc-gb 8
62
6
e-gc 1
j-gc 1
bga-gc 1
eie-gc 5
bdfa-gc 2
gge-gc 2
63
8
dbf-gd 1
cfj-gd 3
dai-gd 1
icd-gd 2
je-gd 1
daj-gd 1
gfb-gd 1
bfgc-gd 3
64
2
g-ge 7
dfi-ge 2
65
1
cgh-gf 8
66
5
jdj-gg 1
cdh-gg 4
jhg-gg 1
idf-gg 1
bfjf-gg 5
67
3
bh-gh 1
jci-gh 1
bddh-gh 7
68
3
cbe-gi 1
bcff-gi 8
ch-gi 1
69
3
edh-gj 2
gjj-gj 5
baad-gj 2
70
3
bda-ha 1
db-ha 7
ecc-ha 1
71
2
efh-hb 7
iaa-hb 2
72
4
gg-hc 1
cif-hc 1
dbf-hc 2
ejc-hc 7
74
7
bcd-he 1
bgi-he 2
gij-he 1
gig-he 1
bcjc-he 5
bebb-he 1
hc-he 1
75
4
da-hf 1
dah-hf 1
hie-hf 5
bdbc-hf 3
76
4
dfj-hg 1
bja-hg 5
gbd-hg 2
cgj-hg 3
77
7
bdh-hh 1
caa-hh 1
cae-hh 2
bjb-hh 2
jae-hh 1
gcj-hh 4
beic-hh 1
78
5
fa-hi 1
bac-hi 1
ihf-hi 1
baec-hi 2
iba-hi 6
79
3
di-hj 1
gfg-hj 4
jfc-hj 4
80
4
di-ia 2
ccc-ia 1
bdjd-ia 2
bfeh-ia 5
81
4
gia-ib 3
ghd-ib 2
dea-ib 1
dad-ib 3
82
3
cgi-ic 1
fdf-ic 3
bedh-ic 6
83
4
ej-id 1
ebd-id 1
gbg-id 1
eab-id 8
84
5
bjd-ie 1
dej-ie 2
haj-ie 1
fbb-ie 5
eeh-ie 2
85
3
di-if 1
bcge-if 6
bfce-if 3
86
2
egf-ig 4
baif-ig 5
87
3
bba-ih 1
cgh-ih 7
bcfj-ih 2
88
6
chf-ii 6
eig-ii 1
bacd-ii 1
dgc-ii 1
bacj-ii 2
bgfi-ii 1
89
4
dbi-ij 1
fbc-ij 1
bcd-ij 6
ife-ij 1
90
3
bei-ja 1
fef-ja 1
hij-ja 7
91
4
jc-jb 1
bhe-jb 4
bc-jb 3
ehi-jb 1
92
6
hj-jc 1
gbe-jc 1
gii-jc 1
fci-jc 1
babi-jc 7
bbjg-jc 2
93
2
cae-jd 4
fhj-jd 4
94
6
bbi-je 1
bi-je 1
fcf-je 1
bfc-je 5
gdf-je 1
bfgb-je 2
95
3
dfc-jf 2
iae-jf 4
gbd-jf 3
96
3
ec-jg 1
beb-jg 1
daf-jg 8
97
6
ei-jh 1
ecj-jh 1
bcbf-jh 1
dai-jh 1
hib-jh 1
bbfg-jh 8
98
5
gbe-ji 1
idd-ji 1
bccj-ji 2
bdjh-ji 5
beaa-ji 1
99
3
dej-jj 1
bcee-jj 6
fgf-jj 2
100
5
bfg-baa 1
dfi-baa 1
fhg-baa 1
efg-baa 2
dig-baa 5
101
4
chf-bab 4
ede-bab 2
jhg-bab 2
eic-bab 1
102
5
hj-bac 2
da-bac 1
hfi-bac 1
gja-bac 3
bfe-bac 4
103
3
bfi-bad 1
bha-bad 2
jid-bad 6
104
4
cd-bae 1
bdga-bae 7
dgj-bae 2
ceg-bae 1
105
5
cgb-baf 1
cbg-baf 1
bcb-baf 1
cj-baf 1
bdbh-baf 7
106
7
bcc-bag 1
dad-bag 1
ede-bag 1
fic-bag 2
bbfi-bag 2
baab-bag 2
bfce-bag 2
107
6
deg-bah 3
ddf-bah 1
hbf-bah 1
bbcc-bah 1
ifd-bah 1
gjh-bah 4
108
2
bda-bai 7
cfj-bai 2
109
6
db-baj 1
bda-baj 3
ddb-baj 1
chf-baj 2
eg-baj 4
cjg-baj 1
110
5
hi-bba 1
je-bba 3
dic-bba 3
gdc-bba 2
fbe-bba 2
111
4
bdh-bbb 1
edb-bbb 1
fdh-bbb 4
d-bbb 3
112
5
dbb-bbc 1
jje-bbc 1
gbg-bbc 1
chf-bbc 7
dgb-bbc 1
113
2
bja-bbd 2
gca-bbd 7
114
3
cie-bbe 3
ehd-bbe 3
cb-bbe 3
115
5
fj-bbf 1
bej-bbf 1
dfc-bbf 1
bage-bbf 4
bei-bbf 4
116
6
cbd-bbg 1
bbbj-bbg 1
gdc-bbg 1
eba-bbg 2
eg-bbg 1
iff-bbg 6
117
3
ehi-bbh 1
gjh-bbh 1
bacc-bbh 8
118
9
bca-bbi 1
cea-bbi 1
beb-bbi 1
ib-bbi 1
gfd-bbi 1
cbb-bbi 1
ige-bbi 1
bech-bbi 1
beeh-bbi 8
119
7
bbf-bbj 1
gjh-bbj 1
eh-bbj 1
baja-bbj 1
bbag-bbj 1
fag-bbj 8
ige-bbj 1
120
6
cc-bca 1
bae-bca 1
eae-bca 4
gae-bca 1
cji-bca 3
gaf-bca 1
121
4
bbdg-bcb 2
fba-bcb 6
bdea-bcb 1
bbgc-bcb 2
122
7
bjd-bcc 1
jg-bcc 1
gfi-bcc 1
hgb-bcc 1
bebg-bcc 1
bbab-bcc 1
bbff-bcc 7
123
5
gc-bcd 1
ddj-bcd 1
jec-bcd 2
eed-bcd 6
iie-bcd 1
124
8
bb-bce 1
ccc-bce 1
fed-bce 1
gef-bce 2
edi-bce 3
bi-bce 3
bagd-bce 1
gc-bce 2
125
4
deg-bcf 2
cea-bcf 4
ddj-bcf 2
gih-bcf 2
126
7
di-bcg 1
dbg-bcg 1
cah-bcg 1
bhj-bcg 2
g-bcg 3
hcj-bcg 1
dgg-bcg 2
127
6
bfc-bch 1
dfd-bch 1
ecb-bch 1
gad-bch 6
fbh-bch 1
bgbf-bch 1
128
7
bbc-bci 1
fi-bci 1
fag-bci 1
bagb-bci 2
bbhe-bci 6
bcbc-bci 1
bbf-bci 1
129
7
bbf-bcj 1
bah-bcj 1
cjh-bcj 1
eac-bcj 1
iff-bcj 6
cjg-bcj 1
icj-bcj 1
130
6
ia-bda 1
fbe-bda 1
dhg-bda 1
eh-bda 1
ffa-bda 5
dfj-bda 4
131
8
bfc-bdb 1
djh-bdb 1
bhb-bdb 1
cda-bdb 1
fib-bdb 1
jbg-bdb 1
efd-bdb 4
deh-bdb 3
132
9
bec-bdc 1
fee-bdc 1
bbfe-bdc 1
bbjh-bdc 1
bbah-bdc 1
fdc-bdc 3
jbg-bdc 1
cfc-bdc 1
bfea-bdc 3
133
5
bja-bdd 1
efa-bdd 1
bcgc-bdd 5
bjf-bdd 1
bece-bdd 4
134
6
bdh-bde 2
hhi-bde 1
iah-bde 3
bba-bde 1
gge-bde 4
beec-bde 1
135
6
hc-bdf 1
bhe-bdf 1
gbf-bdf 1
gea-bdf 1
hcg-bdf 5
bbab-bdf 2
136
8
bcc-bdg 1
ch-bdg 1
dhi-bdg 1
jdg-bdg 1
bahh-bdg 5
djj-bdg 1
cha-bdg 1
bbij-bdg 3
137
4
edg-bdh 2
feh-bdh 1
ce-bdh 2
jjg-bdh 5
138
6
ich-bdi 1
gci-bdi 4
iic-bdi 3
bcfj-bdi 1
bffi-bdi 1
jbe-bdi 1
139
7
ffb-bdj 1
igb-bdj 1
igg-bdj 1
bbbh-bdj 1
jfe-bdj 3
geh-bdj 5
hhc-bdj 1
140
4
dgb-bea 1
dgc-bea 7
cdh-bea 1
fif-bea 1
141
8
cbg-beb 1
cbe-beb 1
fe-beb 1
dci-beb 1
edh-beb 1
ffd-beb 1
djg-beb 1
hia-beb 6
142
8
hj-bec 2
eei-bec 1
bdh-bec 1
ii-bec 1
ica-bec 1
bdei-bec 4
hff-bec 1
hea-bec 1
143
6
bhc-bed 1
cfa-bed 1
ica-bed 1
feh-bed 1
cd-bed 6
begd-bed 2
144
5
cfa-bee 1
gjd-bee 1
dfg-bee 1
bbej-bee 1
bgbe-bee 8
145
4
bjd-bef 2
dai-bef 4
jei-bef 2
fgj-bef 2
146
5
bja-beg 1
ea-beg 2
bef-beg 1
fei-beg 4
hgd-beg 2
147
9
hi-beh 2
ef-beh 1
bab-beh 1
cia-beh 1
ih-beh 1
ccg-beh 1
ieh-beh 5
gdd-beh 1
jbj-beh 1
148
5
fge-bei 2
jbi-bei 1
bcgi-bei 2
becg-bei 1
jca-bei 5
149
5
cdi-bej 1
bdb-bej 1
dbi-bej 1
bec-bej 6
fif-bej 2
150
5
ddd-bfa 1
cjd-bfa 6
egg-bfa 1
cdf-bfa 1
ifi-bfa 1
151
2
fda-bfb 1
bdji-bfb 8
152
9
dhb-bfc 1
cdb-bfc 1
fbb-bfc 1
cei-bfc 1
fcb-bfc 1
ifh-bfc 1
gbi-bfc 1
dcb-bfc 6
bafi-bfc 1
153
4
bif-bfd 2
cie-bfd 3
haa-bfd 2
jgi-bfd 3
154
5
cgh-bfe 1
hff-bfe 1
baea-bfe 3
dch-bfe 4
gbc-bfe 2
155
4
fdh-bff 1
gfe-bff 4
eec-bff 3
bcie-bff 2
156
8
bef-bfg 1
hj-bfg 1
fh-bfg 1
dae-bfg 1
be-bfg 1
efi-bfg 1
hhe-bfg 2
bgac-bfg 5
157
4
baf-bfh 2
bae-bfh 1
eaa-bfh 6
gcj-bfh 1
158
7
bacf-bfi 1
ich-bfi 1
idg-bfi 1
jhe-bfi 1
gaa-bfi 1
ecj-bfi 1
bgci-bfi 8
159
5
ded-bfj 1
gce-bfj 1
gif-bfj 2
jjj-bfj 2
bii-bfj 3
160
3
dij-bga 1
efe-bga 2
hbd-bga 7
161
6
dff-bgb 1
hea-bgb 5
bahe-bgb 1
bcga-bgb 1
bedd-bgb 2
cgc-bgb 1
162
7
fd-bgc 1
cdb-bgc 1
ehc-bgc 1
cff-bgc 1
ffi-bgc 1
cgd-bgc 4
bdeh-bgc 3
163
5
f-bgd 1
gd-bgd 1
edg-bgd 4
dbj-bgd 2
bgdh-bgd 2
164
3
d-bge 1
hci-bge 1
jif-bge 7
165
4
bie-bgf 1
bd-bgf 1
baih-bgf 1
iaa-bgf 7
166
6
id-bgg 1
babe-bgg 1
ehg-bgg 4
bcaa-bgg 4
heh-bgg 2
bdde-bgg 1
167
5
dbg-bgh 4
cej-bgh 1
cgg-bgh 1
be-bgh 1
bfgh-bgh 3
168
8
cej-bgi 1
baa-bgi 1
eij-bgi 1
bhh-bgi 1
bc-bgi 1
cbi-bgi 4
dda-bgi 1
daj-bgi 2
169
5
djh-bgj 1
hbh-bgj 2
jai-bgj 1
hch-bgj 4
bffe-bgj 2
170
8
fh-bha 1
ccd-bha 1
ddd-bha 1
edd-bha 1
bff-bha 1
bde-bha 1
bi-bha 1
gi-bha 7
171
6
jh-bhb 1
cda-bhb 1
ih-bhb 2
hhd-bhb 6
fcb-bhb 1
bfbi-bhb 1
172
6
bfe-bhc 1
edf-bhc 1
eje-bhc 1
gfg-bhc 1
bbfd-bhc 6
bagf-bhc 2
173
4
bcb-bhd 3
hj-bhd 1
gii-bhd 3
eed-bhd 3
174
5
bgj-bhe 1
chd-bhe 2
ebi-bhe 1
cfe-bhe 3
daa-bhe 5
175
6
dgi-bhf 2
ech-bhf 1
cgi-bhf 1
ca-bhf 1
jga-bhf 1
bci-bhf 4
176
7
cbg-bhg 1
bci-bhg 1
cfi-bhg 1
baf-bhg 1
cdi-bhg 6
iga-bhg 2
babb-bhg 1
177
4
cbc-bhh 1
cch-bhh 3
efe-bhh 4
bai-bhh 3
178
5
cdb-bhi 1
eaj-bhi 2
ibh-bhi 4
gbb-bhi 2
bacb-bhi 1
179
7
hg-bhj 1
fha-bhj 1
ghd-bhj 1
cb-bhj 1
dbf-bhj 1
bafb-bhj 5
hbc-bhj 1
180
4
hi-bia 5
cch-bia 2
dac-bia 1
bjg-bia 1
181
3
hjj-bib 1
fhc-bib 1
eae-bib 8
182
4
dc-bic 2
baa-bic 5
hdc-bic 2
eee-bic 1
183
4
dec-bid 2
beh-bid 3
bef-bid 3
bajd-bid 2
184
11
bbc-bie 1
bae-bie 1
bef-bie 1
dbe-bie 1
bcc-bie 1
cdc-bie 1
cfe-bie 1
hdd-bie 3
eig-bie 1
bde-bie 2
bcai-bie 1
185
5
cji-bif 1
je-bif 1
bahf-bif 1
babf-bif 3
bgcg-bif 6
186
2
deg-big 7
bdde-big 2
187
4
ccj-bih 1
dcf-bih 1
hef-bih 1
bcff-bih 8
188
5
dfa-bii 1
bga-bii 2
ejd-bii 2
caj-bii 1
bcej-bii 5
189
6
bcj-bij 1
eab-bij 1
cha-bij 2
gfi-bij 1
cia-bij 6
ba-bij 1
190
3
dig-bja 1
ded-bja 2
dca-bja 7
191
4
db-bjb 1
bbee-bjb 7
bcdb-bjb 2
fed-bjb 1
192
5
ibe-bjc 2
bagc-bjc 1
eia-bjc 1
baad-bjc 7
ggh-bjc 1
193
5
di-bjd 1
gd-bjd 1
bij-bjd 1
hdg-bjd 8
ghb-bjd 1
194
4
dgf-bje 1
eja-bje 1
ecd-bje 7
cga-bje 2
195
6
hie-bjf 1
hii-bjf 1
ecg-bjf 1
baff-bjf 8
bccc-bjf 1
hic-bjf 1
196
3
cec-bjg 1
dih-bjg 5
df-bjg 3
197
6
bcb-bjh 3
eah-bjh 1
cd-bjh 5
gfd-bjh 1
jeb-bjh 1
djg-bjh 1
198
4
dbg-bji 1
cgh-bji 1
fdj-bji 1
beeb-bji 8
199
4
jhe-bjj 1
edg-bjj 1
gci-bjj 2
baad-bjj 6
200
6
dhc-caa 1
jgd-caa 1
ecb-caa 4
bafd-caa 2
hfg-caa 1
djj-caa 2
201
6
bdg-cab 5
daf-cab 1
bef-cab 1
cjd-cab 3
jca-cab 1
jbg-cab 1
202
5
cgd-cac 1
djc-cac 1
bbdh-cac 1
dbf-cac 5
fid-cac 3
203
3
edd-cad 4
ege-cad 2
icg-cad 3
204
8
cci-cae 1
bea-cae 1
gdi-cae 1
chb-cae 1
bcb-cae 5
jcd-cae 1
bccg-cae 2
hhb-cae 1
205
3
bafb-caf 8
gag-caf 1
ghc-caf 1
206
4
bbg-cag 1
cie-cag 7
fbi-cag 1
ebb-cag 1
207
6
cce-cah 1
fde-cah 1
fac-cah 2
ih-cah 1
bahc-cah 2
bebe-cah 4
208
2
jda-cai 6
gdb-cai 3
209
4
jh-caj 2
eba-caj 1
eji-caj 4
ghh-caj 3
210
4
bfi-cba 1
bccb-cba 1
bbjf-cba 2
bgdd-cba 6
211
5
ca-cbb 1
be-cbb 2
da-cbb 1
cge-cbb 3
ihc-cbb 3
212
2
efg-cbc 7
bcdg-cbc 2
213
8
ehe-cbd 1
bif-cbd 1
chb-cbd 1
eag-cbd 1
bcdc-cbd 1
cec-cbd 1
jej-cbd 1
jfc-cbd 7
214
1
bbcc-cbe 8
215
3
ceb-cbf 3
cdj-cbf 1
bff-cbf 5
216
4
bdg-cbg 1
hjj-cbg 1
bbfi-cbg 3
becj-cbg 6
217
5
ej-cbh 1
bfg-cbh 1
caj-cbh 1
bhi-cbh 5
jhi-cbh 2
218
3
bdi-cbi 1
ede-cbi 8
ebh-cbi 1
219
5
db-cbj 1
dcf-cbj 2
hi-cbj 1
jec-cbj 1
gjj-cbj 6
220
6
cbe-cca 1
bbi-cca 2
ihg-cca 1
ehi-cca 1
bbdb-cca 2
eea-cca 4
221
6
bjj-ccb 3
eig-ccb 1
ejj-ccb 1
d-ccb 2
ddd-ccb 2
jeh-ccb 2
222
3
eag-ccc 2
bcda-ccc 2
jfh-ccc 6
223
6
cjf-ccd 1
ecd-ccd 1
dhh-ccd 2
eae-ccd 1
feh-ccd 2
bajb-ccd 4
224
4
bdc-cce 2
daf-cce 1
hdf-cce 2
bceh-cce 6
225
7
dca-ccf 1
hcc-ccf 1
ghd-ccf 1
jeg-ccf 1
ihi-ccf 8
ga-ccf 1
bfdd-ccf 1
226
7
bih-ccg 2
fhh-ccg 1
ide-ccg 1
hde-ccg 1
ijd-ccg 2
bahi-ccg 3
hjh-ccg 1
227
4
bhe-cch 1
baaf-cch 3
ice-cch 1
egd-cch 5
228
4
ceb-cci 1
haf-cci 1
bgbg-cci 5
bbfd-cci 4
229
6
cch-ccj 1
eeb-ccj 3
gdf-ccj 1
hji-ccj 5
bch-ccj 1
j-ccj 1
230
3
dd-cda 3
jae-cda 4
ejd-cda 2
231
4
fcf-cdb 1
jaa-cdb 1
bff-cdb 1
ejg-cdb 8
232
6
ccj-cdc 1
gac-cdc 1
eb-cdc 1
fad-cdc 4
ddj-cdc 3
hjg-cdc 2
233
2
db-cdd 1
bebi-cdd 8
234
7
bjb-cde 1
fff-cde 1
bi-cde 2
bj-cde 1
gge-cde 3
hhb-cde 3
bdia-cde 1
235
5
iee-cdf 1
fjc-cdf 7
badh-cdf 1
bhj-cdf 1
dfa-cdf 1
236
6
bdf-cdg 1
eif-cdg 1
cid-cdg 1
gcf-cdg 1
dff-cdg 8
bfjd-cdg 1
237
3
gd-cdh 1
gfd-cdh 1
bbja-cdh 8
238
4
deb-cdi 1
jbc-cdi 1
j-cdi 4
beha-cdi 4
239
3
chh-cdj 1
ega-cdj 7
hgg-cdj 2
240
7
if-cea 1
be-cea 1
cfi-cea 1
cac-cea 1
gbi-cea 1
jaj-cea 1
che-cea 6
241
6
bch-ceb 1
cii-ceb 1
dfe-ceb 1
bfj-ceb 1
dhh-ceb 1
bdea-ceb 7
242
4
bdg-cec 1
bbc-cec 1
bajb-cec 6
bad-cec 2
243
3
cah-ced 1
efg-ced 1
bbgc-ced 8
244
3
eej-cee 3
jhc-cee 1
ic-cee 6
245
4
dab-cef 2
bfi-cef 3
bbec-cef 1
bha-cef 4
246
4
bfa-ceg 1
cah-ceg 4
iag-ceg 1
gdg-ceg 4
247
4
bje-ceh 1
cic-ceh 4
eeg-ceh 1
gdd-ceh 4
248
5
bfb-cei 3
dgf-cei 1
ehj-cei 2
ddf-cei 3
fhi-cei 1
249
8
bda-cej 1
ef-cej 1
dif-cej 1
gig-cej 1
jej-cej 1
bbee-cej 1
bbeg-cej 3
bh-cej 5
250
5
eb-cfa 1
gei-cfa 5
hdi-cfa 1
ice-cfa 1
bdhb-cfa 2
251
7
fc-cfb 1
fgg-cfb 1
g-cfb 2
cea-cfb 1
gje-cfb 2
baga-cfb 1
fhe-cfb 4
252
3
eca-cfc 2
gef-cfc 6
ieg-cfc 1
253
6
ccg-cfd 1
cje-cfd 1
geb-cfd 1
a-cfd 1
bchd-cfd 6
bcdh-cfd 1
254
2
jf-cfe 4
ijc-cfe 5
255
5
egj-cff 1
hjf-cff 1
bafc-cff 3
hda-cff 1
ejg-cff 5
256
4
ej-cfg 1
bbdg-cfg 3
bfdb-cfg 3
gic-cfg 2
257
7
baj-cfh 1
bee-cfh 1
gbg-cfh 1
cid-cfh 1
fjh-cfh 1
bbee-cfh 1
cie-cfh 8
258
5
eec-cfi 1
chd-cfi 1
badf-cfi 1
bcfi-cfi 1
dhi-cfi 6
259
6
bd-cfj 1
beb-cfj 2
fh-cfj 2
dib-cfj 1
efb-cfj 1
cfi-cfj 5
260
7
dh-cga 1
chf-cga 2
cah-cga 1
cgd-cga 1
bhb-cga 2
chj-cga 1
bcjf-cga 5
261
5
dch-cgb 1
dhd-cgb 1
da-cgb 6
gdf-cgb 1
deb-cgb 2
262
6
fji-cgc 2
hdb-cgc 2
cdb-cgc 1
ica-cgc 2
ee-cgc 2
hfc-cgc 3
263
6
dcj-cgd 1
dcf-cgd 6
bec-cgd 1
bafi-cgd 1
bafd-cgd 1
bajg-cgd 1
264
6
fh-cge 1
ea-cge 1
cci-cge 1
bfc-cge 4
hai-cge 2
bba-cge 3
265
5
dej-cgf 1
fcc-cgf 6
gie-cgf 1
ibe-cgf 1
bgbh-cgf 1
266
5
bii-cgg 2
bdh-cgg 3
fhc-cgg 3
dib-cgg 1
bgae-cgg 2
267
5
hif-cgh 1
cag-cgh 1
babb-cgh 1
bdhc-cgh 8
hc-cgh 1
268
5
daf-cgi 1
djh-cgi 1
fdh-cgi 1
ia-cgi 1
baaa-cgi 8
269
4
eag-cgj 4
dgg-cgj 1
fei-cgj 1
ifi-cgj 4
270
6
dcb-cha 3
bhi-cha 1
dhj-cha 1
egj-cha 1
gfh-cha 1
ged-cha 3
271
3
eci-chb 2
fff-chb 3
bcbi-chb 5
272
5
fjc-chc 1
hba-chc 2
jfb-chc 1
jhd-chc 6
bbfj-chc 1
273
4
dfj-chd 1
ebh-chd 1
cjc-chd 1
bfbg-chd 8
274
4
dbj-che 1
eah-che 1
dej-che 1
befj-che 8
275
5
did-chf 1
ehb-chf 1
hfb-chf 1
fch-chf 1
eca-chf 7
276
4
fc-chg 1
hja-chg 2
iab-chg 4
edh-chg 3
277
4
ca-chh 1
ddj-chh 5
cid-chh 3
cbb-chh 1
278
6
cee-chi 1
ibj-chi 1
hga-chi 1
bbea-chi 2
bbc-chi 6
jeh-chi 1
279
6
dia-chj 1
fg-chj 1
bgh-chj 1
jg-chj 1
fjd-chj 1
hhi-chj 6
280
4
eie-cia 4
jej-cia 3
cce-cia 1
jj-cia 2
281
5
eha-cib 5
hh-cib 1
bdhh-cib 3
bcce-cib 1
bdhb-cib 1
282
5
bbi-cic 1
igc-cic 1
ifd-cic 1
jce-cic 1
dhi-cic 8
283
11
bdh-cid 1
dfa-cid 1
ehb-cid 1
fcf-cid 2
ebi-cid 1
fic-cid 1
dfd-cid 1
bii-cid 1
hgg-cid 1
cjb-cid 4
cab-cid 2
284
3
bih-cie 1
jfi-cie 3
gg-cie 6
285
8
dcb-cif 1
dgb-cif 1
dae-cif 1
gfe-cif 1
idd-cif 1
baed-cif 1
bbai-cif 1
bcja-cif 6
286
6
eef-cig 1
dge-cig 1
hbj-cig 3
hdd-cig 1
hai-cig 1
bbac-cig 2
287
2
cda-cih 1
icg-cih 8
288
6
cah-cii 1
dad-cii 1
gbi-cii 3
gc-cii 1
ggd-cii 2
baha-cii 4
289
4
bgi-cij 1
cch-cij 1
dgf-cij 4
ch-cij 4
290
6
ead-cja 1
ehg-cja 2
dge-cja 1
hcj-cja 4
ija-cja 1
bcaa-cja 2
291
4
eei-cjb 1
jbi-cjb 2
bagh-cjb 3
beba-cjb 4
292
4
db-cjc 1
bada-cjc 1
bcih-cjc 1
bfgi-cjc 8
293
2
eje-cjd 2
bdaa-cjd 7
294
3
bbi-cje 2
cea-cje 4
fje-cje 2
295
3
egf-cjf 1
cgb-cjf 2
dba-cjf 7
296
1
cgb-cjg 8
297
5
dci-cjh 1
da-cjh 2
hhf-cjh 2
jfd-cjh 4
he-cjh 1
298
6
bee-cji 1
id-cji 2
hbd-cji 1
dbj-cji 1
bdce-cji 7
bdcg-cji 1
299
6
cc-cjj 1
bgh-cjj 1
fci-cjj 1
jah-cjj 6
bcie-cjj 1
bfeb-cjj 2
300
6
fh-daa 1
ih-daa 1
edd-daa 1
bbhc-daa 2
jjb-daa 3
bfde-daa 5
301
6
ede-dab 1
hi-dab 7
icf-dab 1
cjh-dab 1
bace-dab 1
bef-dab 1
302
5
de-dac 1
bgi-dac 1
fgc-dac 1
dce-dac 1
iid-dac 5
303
4
dab-dad 1
gfe-dad 2
gcb-dad 1
gfd-dad 6
304
4
ebf-dae 1
baaa-dae 1
fce-dae 1
bcib-dae 8
305
7
cha-daf 1
badi-daf 6
bdag-daf 1
bddb-daf 1
bdcb-daf 1
fbb-daf 2
jae-daf 1
306
3
eb-dag 2
jg-dag 2
hcd-dag 6
307
4
cgi-dah 1
ihj-dah 1
ggg-dah 3
ehc-dah 5
308
6
dhc-dai 1
chh-dai 1
ebd-dai 1
bafa-dai 4
ejb-dai 1
bchi-dai 4
309
6
dce-daj 1
ebb-daj 1
fae-daj 1
fhj-daj 2
dhe-daj 1
geh-daj 6
310
3
bff-dba 1
gdh-dba 1
hhj-dba 8
311
4
dfc-dbb 1
eaa-dbb 7
dgi-dbb 1
cjb-dbb 1
312
2
dah-dbc 7
hca-dbc 2
313
5
bfg-dbd 1
bbg-dbd 1
ceg-dbd 1
gcb-dbd 7
bdjf-dbd 1
314
3
dfh-dbe 2
dac-dbe 1
bcaf-dbe 7
315
7
gdc-dbf 1
gib-dbf 7
ei-dbf 1
dac-dbf 1
eid-dbf 1
bbcb-dbf 1
baad-dbf 1
316
3
dab-dbg 3
iag-dbg 6
ffg-dbg 1
317
5
cid-dbh 1
cdb-dbh 1
caa-dbh 1
gfj-dbh 1
fha-dbh 7
318
5
ch-dbi 1
eia-dbi 1
fah-dbi 1
edd-dbi 4
bcaa-dbi 3
319
6
cgb-dbj 1
cg-dbj 1
dad-dbj 3
gjf-dbj 3
dhd-dbj 2
bb-dbj 1
320
5
badg-dca 1
bdii-dca 4
jbi-dca 4
a-dca 1
bda-dca 2
321
6
efg-dcb 1
gbj-dcb 1
eda-dcb 1
gad-dcb 6
jia-dcb 1
fi-dcb 1
322
9
eie-dcc 1
chf-dcc 2
cdd-dcc 1
di-dcc 2
ddf-dcc 1
jah-dcc 5
heg-dcc 1
fbb-dcc 1
gdi-dcc 1
323
4
gjc-dcd 1
cg-dcd 3
cfg-dcd 3
gda-dcd 2
324
4
bcg-dce 1
cce-dce 1
jef-dce 8
ebg-dce 1
325
5
bhe-dcf 1
fce-dcf 1
fea-dcf 1
cgb-dcf 1
bbja-dcf 6
326
3
cd-dcg 1
dca-dcg 6
jjj-dcg 2
327
5
cjc-dch 1
eca-dch 1
dh-dch 1
bdgc-dch 3
jai-dch 5
328
5
ehi-dci 4
cge-dci 1
ddg-dci 2
bcef-dci 2
dae-dci 1
329
5
bde-dcj 1
dhd-dcj 1
dbj-dcj 1
jcg-dcj 6
begb-dcj 3
330
4
dai-dda 1
cea-dda 1
bjj-dda 7
fjj-dda 1
331
6
cjb-ddb 1
ddd-ddb 1
eig-ddb 1
bcea-ddb 3
bdge-ddb 5
bbdj-ddb 1
332
5
beg-ddc 1
ia-ddc 1
bja-ddc 3
dac-ddc 1
bfjb-ddc 5
333
4
bci-ddd 1
gfa-ddd 1
hed-ddd 1
beef-ddd 8
334
9
ehd-dde 1
ejf-dde 1
gaa-dde 1
bbj-dde 1
ghh-dde 5
dbe-dde 1
fbe-dde 1
ifj-dde 1
d-dde 2
335
7
chf-ddf 1
jh-ddf 1
bei-ddf 1
id-ddf 1
eij-ddf 2
eb-ddf 2
fcf-ddf 5
336
3
cdi-ddg 1
eid-ddg 6
cgc-ddg 2
337
4
ech-ddh 2
ef-ddh 4
edi-ddh 1
baa-ddh 3
338
6
cfa-ddi 1
ehd-ddi 4
fib-ddi 1
bjc-ddi 1
ef-ddi 3
jja-ddi 1
339
6
ehi-ddj 1
ecg-ddj 2
haa-ddj 6
ccd-ddj 1
ihj-ddj 1
dia-ddj 1
340
6
dia-dea 1
bgi-dea 1
ejd-dea 6
edh-dea 1
ief-dea 2
ebe-dea 1
341
6
hjc-deb 1
hha-deb 1
fei-deb 3
hgj-deb 1
hfg-deb 1
cbi-deb 5
342
5
ba-dec 1
fdc-dec 3
bg-dec 1
bcgh-dec 3
bfg-dec 3
343
5
ihf-ded 5
gij-ded 4
bdbb-ded 1
ddc-ded 1
jab-ded 1
344
5
fhb-dee 3
dhc-dee 1
dej-dee 3
fji-dee 2
cia-dee 3
345
3
ceb-def 1
jfi-def 6
bajh-def 2
346
6
cdh-deg 1
cfb-deg 1
eec-deg 3
hia-deg 3
fhd-deg 2
bceg-deg 1
347
4
gcf-deh 2
ifa-deh 1
iji-deh 5
dj-deh 2
348
2
gjc-dei 2
fif-dei 6
349
4
dif-dej 1
babg-dej 1
bcah-dej 7
fda-dej 1
350
5
fie-dfa 3
hab-dfa 3
bfb-dfa 2
eai-dfa 1
ege-dfa 2
351
3
bde-dfb 1
ehb-dfb 1
e-dfb 7
352
7
ddc-dfc 1
cjc-dfc 1
eb-dfc 1
fgg-dfc 3
ghb-dfc 1
ca-dfc 1
fgj-dfc 3
353
6
bga-dfd 1
da-dfd 1
gcb-dfd 1
bbae-dfd 1
idj-dfd 7
bfcc-dfd 1
354
4
ii-dfe 1
badc-dfe 1
ejd-dfe 1
baac-dfe 7
355
5
jha-dff 1
ife-dff 1
hii-dff 6
gie-dff 3
heg-dff 1
356
3
cdj-dfg 1
dhf-dfg 1
eib-dfg 8
357
5
hg-dfh 1
fhb-dfh 3
fee-dfh 2
bbcb-dfh 2
beci-dfh 3
358
3
hgh-dfi 8
baac-dfi 1
egd-dfi 1
359
3
eb-dfj 1
ejd-dfj 1
bbah-dfj 8
360
5
g-dga 1
dgi-dga 1
fff-dga 4
cb-dga 1
bcdg-dga 5
361
2
cad-dgb 1
bcae-dgb 8
362
6
bc-dgc 1
c-dgc 1
jic-dgc 5
fib-dgc 3
jja-dgc 1
bdbb-dgc 1
363
9
cbc-dgd 1
ebc-dgd 1
bfa-dgd 1
feh-dgd 1
ifg-dgd 1
badi-dgd 3
bajj-dgd 2
bbjf-dgd 2
ifb-dgd 2
364
6
ifc-dge 1
dc-dge 2
hcj-dge 1
bccf-dge 5
ef-dge 1
beaa-dge 1
365
4
dhf-dgf 1
jfj-dgf 1
bbba-dgf 7
bffd-dgf 1
366
3
dce-dgg 1
bg-dgg 4
bced-dgg 3
367
2
dff-dgh 3
idi-dgh 6
368
5
cgg-dgi 1
deb-dgi 6
bbf-dgi 1
ibf-dgi 2
ceb-dgi 1
369
4
gg-dgj 5
bea-dgj 3
bcab-dgj 1
ghb-dgj 1
370
4
dij-dha 4
ecg-dha 2
jhi-dha 1
dji-dha 3
371
3
ebh-dhb 4
d-dhb 2
bajb-dhb 3
372
7
dfg-dhc 1
ccd-dhc 1
dbg-dhc 5
bbce-dhc 2
jii-dhc 1
bdab-dhc 2
bbed-dhc 1
373
6
cdi-dhd 1
fhc-dhd 1
dgh-dhd 2
hfh-dhd 1
ije-dhd 3
baeg-dhd 3
374
6
dca-dhe 1
ieg-dhe 1
bbhi-dhe 3
ehb-dhe 1
bbii-dhe 3
bbhb-dhe 2
375
5
cjd-dhf 1
bcf-dhf 1
ebj-dhf 1
ich-dhf 1
baga-dhf 6
376
4
bfe-dhg 5
ida-dhg 1
beab-dhg 3
begf-dhg 1
377
5
dgf-dhh 2
bbb-dhh 1
bbh-dhh 2
bdac-dhh 5
gbg-dhh 1
378
6
ebh-dhi 1
fhf-dhi 1
fjf-dhi 1
bbbb-dhi 1
bcab-dhi 1
ihg-dhi 6
379
7
fce-dhj 1
idc-dhj 1
ddj-dhj 6
begh-dhj 1
idf-dhj 2
ecj-dhj 1
icc-dhj 1
380
4
bdc-dia 1
jcc-dia 1
hge-dia 1
ecg-dia 8
381
4
cfd-dib 2
bgg-dib 3
dhj-dib 4
ffd-dib 1
382
8
hc-dic 1
dih-dic 1
fh-dic 1
ebi-dic 2
hhd-dic 2
jff-dic 2
edj-dic 3
bbgj-dic 1
383
6
bab-did 2
ccj-did 1
dhg-did 2
hid-did 2
bgj-did 2
eii-did 1
384
6
dci-die 1
fig-die 1
fea-die 1
jeb-die 1
fac-die 3
baag-die 5
385
1
bbdh-dif 8
386
3
edj-dig 3
fcd-dig 5
hih-dig 2
387
2
fdg-dih 7
bbjg-dih 2
388
2
bage-dii 7
bdeg-dii 2
389
5
cga-dij 1
eai-dij 1
bacf-dij 1
hhe-dij 2
ici-dij 7
390
2
bhe-dja 4
bdhi-dja 4
391
2
eee-djb 2
jjj-djb 7
392
3
dba-djc 2
ddi-djc 1
jaj-djc 7
393
6
cie-djd 2
ceb-djd 1
jdd-djd 1
jif-djd 1
ifd-djd 2
bejh-djd 4
394
7
he-dje 1
bbj-dje 1
dbi-dje 1
hag-dje 1
dbh-dje 1
ddc-dje 1
beaj-dje 7
395
2
di-djf 4
eha-djf 4
396
7
baa-djg 1
cji-djg 2
bcc-djg 1
jbc-djg 1
hca-djg 6
bceg-djg 1
efi-djg 1
397
9
bdh-djh 1
djb-djh 1
bif-djh 1
ebi-djh 2
beca-djh 1
gai-djh 1
gdg-djh 1
cjc-djh 2
bdef-djh 4
398
4
cha-dji 2
cic-dji 1
hhj-dji 5
bahj-dji 1
399
6
caj-djj 1
egi-djj 1
dec-djj 3
dda-djj 1
bbc-djj 1
jib-djj 5
400
7
bif-eaa 1
ghi-eaa 1
hbg-eaa 1
bee-eaa 6
eji-eaa 1
jbb-eaa 1
hjj-eaa 2
401
4
fh-eab 1
chi-eab 1
bdha-eab 1
bbga-eab 7
402
5
bcc-eac 1
big-eac 1
bagg-eac 3
cej-eac 6
jhi-eac 1
403
4
chj-ead 1
dce-ead 1
caf-ead 7
dj-ead 1
404
7
fhi-eae 1
gai-eae 1
fed-eae 1
edd-eae 1
gdc-eae 1
icb-eae 8
bic-eae 1
405
4
jc-eaf 1
ghj-eaf 1
fde-eaf 2
fgj-eaf 5
406
5
ca-eag 1
hea-eag 4
gff-eag 3
cfa-eag 2
hgb-eag 1
407
5
cgd-eah 1
eca-eah 1
gdj-eah 1
bbcf-eah 7
bcaj-eah 1
408
4
efh-eai 1
ffa-eai 1
be-eai 1
bbec-eai 8
409
4
eae-eaj 1
dfj-eaj 1
jfa-eaj 1
beec-eaj 8
410
6
cee-eba 1
feb-eba 1
bjj-eba 1
gih-eba 1
bif-eba 8
bebc-eba 1
411
7
ebg-ebb 1
fac-ebb 1
fff-ebb 1
beb-ebb 2
ggb-ebb 1
iij-ebb 2
ffd-ebb 4
412
3
ecb-ebc 4
baej-ebc 4
bjg-ebc 2
413
8
cag-ebd 1
cbb-ebd 1
ejb-ebd 1
had-ebd 1
dgi-ebd 2
badb-ebd 1
bcce-ebd 1
bdae-ebd 5
414
6
dgb-ebe 1
ceb-ebe 1
hfg-ebe 1
df-ebe 4
ebb-ebe 2
bfhc-ebe 3
415
4
bfd-ebf 2
bge-ebf 1
fhf-ebf 3
ijf-ebf 4
416
3
dcf-ebg 4
fga-ebg 3
ghg-ebg 3
417
4
daf-ebh 1
hdg-ebh 1
bahf-ebh 1
icg-ebh 8
418
3
ebd-ebi 1
ebc-ebi 1
hfe-ebi 8
419
5
ghd-ebj 1
jgc-ebj 6
ehi-ebj 2
igf-ebj 1
djj-ebj 1
420
5
dhi-eca 1
dbf-eca 1
jff-eca 1
eh-eca 1
jga-eca 8
421
2
daj-ecb 1
bchc-ecb 8
422
10
cd-ecc 2
edi-ecc 2
ejd-ecc 1
jc-ecc 1
idf-ecc 1
gce-ecc 1
babd-ecc 1
fbe-ecc 1
bdie-ecc 1
bdch-ecc 4
423
3
fba-ecd 1
dha-ecd 1
jfj-ecd 8
424
4
ecd-ece 2
eaa-ece 6
ici-ece 1
eeh-ece 1
425
6
dh-ecf 1
eed-ecf 1
dgb-ecf 2
dc-ecf 1
cib-ecf 1
beh-ecf 5
426
3
dfa-ecg 1
bcca-ecg 8
fbc-ecg 1
427
5
fcf-ech 1
dbh-ech 1
bajd-ech 1
jjc-ech 1
hcd-ech 7
428
4
dh-eci 1
cei-eci 1
hcg-eci 7
jac-eci 2
429
3
gbj-ecj 1
fbc-ecj 2
ihi-ecj 7
430
7
dgb-eda 1
eai-eda 1
hbd-eda 1
igj-eda 1
dhf-eda 5
bbdb-eda 2
bdcg-eda 1
431
7
ff-edb 1
fb-edb 2
eci-edb 1
gec-edb 2
jj-edb 2
iia-edb 1
gdd-edb 3
432
5
bhb-edc 2
dci-edc 2
ggi-edc 1
baa-edc 4
ihi-edc 1
433
6
bai-edd 1
dfa-edd 1
ebd-edd 1
gag-edd 1
bdh-edd 2
cbe-edd 5
434
4
ejb-ede 1
ffi-ede 2
jbb-ede 3
jh-ede 5
435
6
ci-edf 1
dic-edf 1
fah-edf 1
hba-edf 5
bdfe-edf 3
bdag-edf 1
436
6
bgd-edg 1
ddc-edg 1
ggd-edg 1
jgh-edg 3
cde-edg 4
ie-edg 1
437
5
dah-edh 1
cfj-edh 1
bbgb-edh 7
hcd-edh 1
beb-edh 1
438
9
ccg-edi 1
cfj-edi 1
eja-edi 1
gah-edi 1
gie-edi 4
egf-edi 1
bjd-edi 2
bda-edi 2
baib-edi 1
439
3
cfb-edj 1
egj-edj 1
egf-edj 8
440
4
djh-eea 3
gcc-eea 4
igj-eea 1
bgj-eea 2
441
4
dec-eeb 3
hgh-eeb 1
bab-eeb 2
hei-eeb 4
442
4
cbe-eec 1
bha-eec 1
hci-eec 4
dge-eec 4
443
4
gcd-eed 1
fcg-eed 1
iaa-eed 8
jhc-eed 1
444
3
fgi-eee 2
idg-eee 6
chb-eee 2
445
5
dej-eef 1
bdg-eef 7
jad-eef 1
bie-eef 1
bdcd-eef 1
446
6
dji-eeg 3
chg-eeg 1
cfe-eeg 2
dcc-eeg 1
bfc-eeg 3
badg-eeg 1
447
3
bcc-eeh 2
fbd-eeh 1
gbb-eeh 7
448
5
ejc-eei 1
fii-eei 1
bih-eei 2
haj-eei 1
beed-eei 7
449
4
chc-eej 1
bbif-eej 1
bcag-eej 3
bcih-eej 6
450
7
ii-efa 1
dhd-efa 1
egc-efa 1
cbb-efa 1
jia-efa 1
bccg-efa 4
hch-efa 4
451
3
eib-efb 4
ehc-efb 4
bbgj-efb 2
452
4
bhh-efc 2
fdg-efc 1
ehd-efc 5
hd-efc 1
453
4
bbc-efd 1
igj-efd 1
iac-efd 1
fei-efd 8
454
2
ija-efe 1
bcdb-efe 8
455
5
fff-eff 1
hgf-eff 1
jge-eff 1
bbed-eff 1
bjf-eff 7
456
5
daf-efg 1
fii-efg 1
bcad-efg 3
bbj-efg 1
iib-efg 5
457
7
dci-efh 1
fde-efh 1
ibb-efh 1
bbeg-efh 1
ded-efh 2
iic-efh 5
igc-efh 2
458
3
eed-efi 4
icc-efi 3
eec-efi 2
459
6
efe-efj 1
gde-efj 2
fhc-efj 1
fje-efj 1
bbfa-efj 3
bbca-efj 3
460
8
cgd-ega 1
icf-ega 1
bja-ega 7
bbac-ega 1
cbg-ega 1
feh-ega 1
bac-ega 1
jca-ega 1
461
6
efi-egb 1
fdb-egb 1
cdg-egb 1
hic-egb 1
jg-egb 1
bcdf-egb 7
462
2
ddc-egc 4
ccj-egc 5
463
4
bbf-egd 1
ebd-egd 1
bdhg-egd 1
cfa-egd 8
464
6
ecb-ege 4
fdb-ege 1
bg-ege 1
dbb-ege 2
ifi-ege 3
dib-ege 1
465
4
cha-egf 1
fge-egf 4
eae-egf 1
ifd-egf 5
466
5
die-egg 2
eaj-egg 3
ed-egg 1
jia-egg 3
idd-egg 2
467
3
gah-egh 1
cii-egh 1
iid-egh 8
468
4
cdi-egi 2
hef-egi 2
efa-egi 4
ghc-egi 3
469
6
ij-egj 1
dbi-egj 1
ibi-egj 1
jj-egj 2
baih-egj 4
jdg-egj 3
470
6
bjj-eha 1
eid-eha 1
bbi-eha 1
bcbi-eha 1
cgh-eha 8
fgd-eha 1
471
4
bfc-ehb 1
bj-ehb 1
fei-ehb 1
hib-ehb 8
472
2
cdh-ehc 2
iad-ehc 7
473
4
dfd-ehd 1
hcb-ehd 7
hjj-ehd 1
bffb-ehd 2
474
4
di-ehe 1
hje-ehe 2
ibh-ehe 6
bebj-ehe 1
475
5
caa-ehf 1
fag-ehf 2
hgh-ehf 3
cac-ehf 2
jgj-ehf 3
476
5
ddb-ehg 1
cgg-ehg 1
hda-ehg 4
edf-ehg 3
bdgh-ehg 2
477
5
dad-ehh 1
dcc-ehh 1
gcc-ehh 1
had-ehh 1
ecf-ehh 7
478
3
fef-ehi 1
bbeg-ehi 2
jfd-ehi 7
479
4
hbj-ehj 3
baeh-ehj 1
bcgj-ehj 2
eci-ehj 4
480
5
ddb-eia 4
efb-eia 1
bfa-eia 4
efc-eia 1
cjj-eia 2
481
4
dg-eib 1
bbbe-eib 1
iih-eib 7
bcji-eib 1
482
5
ebb-eic 1
fhi-eic 1
bdfb-eic 7
befh-eic 1
bfef-eic 2
483
6
hc-eid 1
bdg-eid 3
fbg-eid 1
ejg-eid 1
bddi-eid 1
bfhj-eid 4
484
5
gbb-eie 4
baf-eie 1
gcf-eie 1
bbaf-eie 1
ffj-eie 4
485
4
djj-eif 1
daa-eif 3
fdf-eif 3
hac-eif 3
486
4
ede-eig 1
edi-eig 3
fdf-eig 2
bfeh-eig 4
487
5
efh-eih 1
cag-eih 2
jc-eih 1
ifi-eih 5
daa-eih 2
488
4
bgb-eii 3
cfd-eii 3
fij-eii 1
bfdi-eii 3
489
5
bje-eij 1
dfg-eij 1
ief-eij 2
dcc-eij 2
jae-eij 5
490
3
iaj-eja 2
hej-eja 1
babi-eja 7
491
3
cdi-ejb 1
ibd-ejb 5
bhc-ejb 2
492
6
eia-ejc 1
daj-ejc 2
hgb-ejc 1
bcbe-ejc 4
gji-ejc 1
ggd-ejc 3
493
2
iic-ejd 1
ige-ejd 8
494
6
bfj-eje 1
gic-eje 2
ebj-eje 1
cif-eje 2
ege-eje 2
iei-eje 4
495
3
bgb-ejf 4
ecf-ejf 1
bfja-ejf 4
496
4
eb-ejg 1
ghb-ejg 1
chd-ejg 2
feg-ejg 7
497
4
bbi-ejh 3
egb-ejh 3
iaa-ejh 1
idi-ejh 2
498
5
cgh-eji 2
cdd-eji 2
dih-eji 1
hfb-eji 1
d-eji 5
499
2
chf-ejj 6
hif-ejj 3
500
5
dfb-faa 1
deg-faa 1
dhg-faa 2
ice-faa 2
bbba-faa 4
501
2
dbf-fab 5
dda-fab 4
502
5
cbh-fac 1
cbi-fac 1
hdh-fac 1
bbii-fac 5
hbc-fac 3
503
6
dih-fad 1
cfh-fad 1
iej-fad 1
baei-fad 6
bdjg-fad 2
fgd-fad 1
504
4
fej-fae 1
fje-fae 1
baba-fae 6
bdia-fae 3
505
3
ice-faf 1
bcja-faf 3
hid-faf 5
506
5
hcd-fag 1
jif-fag 1
ggd-fag 1
bahb-fag 1
dbf-fag 8
507
2
bjf-fah 3
jbj-fah 6
508
5
bcj-fai 1
eff-fai 1
gdj-fai 1
fdh-fai 7
badj-fai 1
509
6
fgi-faj 1
ghi-faj 1
iii-faj 1
bhe-faj 3
ggb-faj 4
ga-faj 2
510
4
cdi-fba 1
bge-fba 1
dii-fba 1
bbdb-fba 8
511
5
fic-fbb 1
fid-fbb 1
geh-fbb 1
jih-fbb 1
jgi-fbb 7
512
4
eeg-fbc 3
fej-fbc 4
ejh-fbc 2
baag-fbc 1
513
5
bih-fbd 3
eai-fbd 1
hej-fbd 2
ejj-fbd 1
jhc-fbd 4
514
3
fgi-fbe 1
bajc-fbe 1
bceh-fbe 8
515
1
jbh-fbf 8
516
2
edb-fbg 7
dff-fbg 2
517
6
fdh-fbh 3
fgb-fbh 2
hca-fbh 1
ib-fbh 1
bc-fbh 2
bcjg-fbh 2
518
5
cfg-fbi 1
eah-fbi 1
ebf-fbi 4
dcc-fbi 1
bjb-fbi 3
519
6
hb-fbj 1
fdc-fbj 1
fch-fbj 1
ieg-fbj 1
beig-fbj 1
hdc-fbj 7
520
5
dce-fca 1
gaj-fca 5
bcie-fca 1
bccg-fca 3
jib-fca 1
521
5
bhb-fcb 1
fij-fcb 1
h-fcb 1
bcdf-fcb 6
hbb-fcb 1
522
4
gbd-fcc 1
gic-fcc 2
fjh-fcc 1
bfca-fcc 5
523
4
cae-fcd 1
ghf-fcd 1
hib-fcd 1
cba-fcd 8
524
3
gjh-fce 1
gia-fce 2
baec-fce 7
525
7
ejd-fcf 1
ehe-fcf 7
ebi-fcf 1
bff-fcf 1
cgf-fcf 1
baib-fcf 1
cce-fcf 1
526
4
bcah-fcg 2
gcc-fcg 6
bbe-fcg 2
eig-fcg 1
527
8
ecb-fch 1
fcf-fch 1
hfc-fch 1
eae-fch 4
cjb-fch 1
bcee-fch 3
beaj-fch 1
bfgh-fch 1
528
8
fhg-fci 1
bjf-fci 1
iba-fci 2
dfd-fci 1
dei-fci 1
iei-fci 1
dfh-fci 5
bbea-fci 2
529
6
egd-fcj 2
ffb-fcj 1
ghc-fcj 2
fcg-fcj 1
hge-fcj 4
heb-fcj 1
530
6
bhj-fda 1
edf-fda 2
gca-fda 1
bhi-fda 1
cfd-fda 3
bbbd-fda 4
531
5
ccf-fdb 1
ffg-fdb 1
eha-fdb 8
bcga-fdb 1
def-fdb 1
532
6
dad-fdc 1
cif-fdc 3
eg-fdc 1
bbjb-fdc 1
dhh-fdc 2
bahi-fdc 3
533
9
bei-fdd 1
baei-fdd 2
baif-fdd 1
edd-fdd 4
dfb-fdd 1
hid-fdd 2
eaf-fdd 1
bfha-fdd 1
bfie-fdd 1
534
3
egb-fde 2
fih-fde 2
jj-fde 6
535
6
fbj-fdf 1
cgg-fdf 1
gdc-fdf 2
bade-fdf 1
fdg-fdf 2
ibe-fdf 3
536
5
bhi-fdg 1
gje-fdg 1
gbh-fdg 1
bach-fdg 5
bdhg-fdg 2
537
7
cjd-fdh 3
ffa-fdh 2
hjd-fdh 2
deb-fdh 3
cdc-fdh 1
bcjh-fdh 1
gf-fdh 1
538
2
bh-fdi 1
jii-fdi 8
539
2
hbh-fdj 1
bdfh-fdj 8
540
5
caf-fea 1
bbia-fea 5
bceb-fea 2
bdcd-fea 3
ee-fea 1
541
6
ieb-feb 8
hgh-feb 1
ibd-feb 1
ih-feb 1
dfh-feb 1
cid-feb 1
542
3
ffe-fec 1
bfcg-fec 8
bfij-fec 1
543
5
eac-fed 1
fdh-fed 1
bbhb-fed 4
fjd-fed 1
hdi-fed 4
544
5
fff-fee 1
be-fee 1
ihf-fee 3
bbaa-fee 2
ecb-fee 3
545
5
dfe-fef 1
bbfh-fef 1
bdad-fef 1
je-fef 2
bfdg-fef 7
546
6
bd-feg 1
ihh-feg 1
bi-feg 1
ijc-feg 1
hgh-feg 8
bcgj-feg 1
547
5
bch-feh 1
bbdc-feh 1
hei-feh 2
chc-feh 1
djg-feh 6
548
6
fbi-fei 1
dbc-fei 1
ffc-fei 1
eeg-fei 1
bcgi-fei 2
begd-fei 4
549
4
eji-fej 1
gcg-fej 4
hhe-fej 2
dfe-fej 2
550
5
df-ffa 1
dce-ffa 1
gch-ffa 4
idb-ffa 1
bfef-ffa 5
551
7
dab-ffb 4
cbd-ffb 1
gda-ffb 1
ica-ffb 4
i-ffb 1
jfe-ffb 1
cfd-ffb 1
552
4
bdj-ffc 1
ejg-ffc 1
bgc-ffc 3
hbb-ffc 5
553
3
jaf-ffd 1
dij-ffd 8
eia-ffd 1
554
2
baba-ffe 2
hdc-ffe 7
555
7
edi-fff 1
chc-fff 1
fgj-fff 1
jbf-fff 2
baae-fff 2
baj-fff 1
hfd-fff 4
556
1
ffi-ffg 8
557
2
fja-ffh 1
e-ffh 8
558
5
fed-ffi 1
gaj-ffi 1
bcdd-ffi 4
cif-ffi 1
cdj-ffi 4
559
4
dfd-ffj 2
gih-ffj 2
gfi-ffj 5
baid-ffj 2
560
8
cie-fga 1
gei-fga 2
eae-fga 3
igi-fga 1
bdib-fga 1
ceb-fga 1
bbhg-fga 1
bhe-fga 3
561
3
eei-fgb 1
gff-fgb 7
dba-fgb 1
562
5
dbd-fgc 1
cjb-fgc 1
jad-fgc 1
dgd-fgc 1
bagf-fgc 6
563
6
dij-fgd 1
bie-fgd 1
ffa-fgd 1
fb-fgd 1
bfff-fgd 2
bfic-fgd 5
564
2
gjf-fge 8
ibf-fge 1
565
2
def-fgf 4
ha-fgf 5
566
2
bih-fgg 1
ice-fgg 8
567
3
dbh-fgh 3
jcf-fgh 5
jjf-fgh 1
568
4
eeh-fgi 1
bcbi-fgi 1
hjf-fgi 1
dfg-fgi 8
569
4
egh-fgj 1
bdc-fgj 1
gbh-fgj 1
ghj-fgj 8
570
3
bfi-fha 1
fhc-fha 7
bfig-fha 1
571
6
feb-fhb 1
hfe-fhb 1
bajf-fhb 1
beaa-fhb 1
bfcb-fhb 6
beeb-fhb 3
572
6
cba-fhc 1
bbi-fhc 2
hch-fhc 1
bfed-fhc 6
ijj-fhc 1
bgea-fhc 1
573
4
dgi-fhd 2
dea-fhd 3
cih-fhd 3
hic-fhd 3
574
5
dic-fhe 1
ebh-fhe 1
gge-fhe 1
hci-fhe 4
jbe-fhe 3
575
2
gad-fhf 7
ffb-fhf 2
576
4
da-fhg 1
fjc-fhg 2
jbb-fhg 1
bbfh-fhg 7
577
1
cba-fhh 8
578
4
bja-fhi 4
idd-fhi 1
jcb-fhi 4
bcgj-fhi 1
579
5
ii-fhj 4
fgf-fhj 1
gaj-fhj 1
fag-fhj 3
bgde-fhj 1
580
4
cdd-fia 1
bb-fia 1
gcc-fia 7
hga-fia 1
581
3
fgb-fib 5
gjb-fib 2
bag-fib 3
582
6
cif-fic 1
ifh-fic 1
ijd-fic 1
cea-fic 2
hgg-fic 1
bgaj-fic 7
583
6
fh-fid 1
cdd-fid 1
hh-fid 1
bbaa-fid 4
cih-fid 4
gif-fid 1
584
3
efe-fie 8
ffb-fie 1
bccf-fie 1
585
4
bbc-fif 1
ibj-fif 1
bfcg-fif 3
gge-fif 6
586
6
bjc-fig 1
gfa-fig 1
eib-fig 2
dec-fig 5
ejg-fig 2
bfj-fig 1
587
3
ed-fih 2
id-fih 6
bcc-fih 1
588
4
haf-fii 2
bagb-fii 4
gde-fii 2
bcfh-fii 2
589
3
fdf-fij 1
ebj-fij 6
bdfi-fij 2
590
3
cih-fja 1
bhf-fja 1
edj-fja 8
591
9
egg-fjb 1
gcg-fjb 1
cij-fjb 1
hc-fjb 1
caa-fjb 1
hae-fjb 5
cja-fjb 1
gef-fjb 1
bggb-fjb 2
592
5
dbg-fjc 1
baee-fjc 1
bcff-fjc 1
cie-fjc 6
hdf-fjc 2
593
2
ecc-fjd 2
cif-fjd 7
594
4
fba-fje 4
hdj-fje 1
hci-fje 3
bbac-fje 3
595
3
fhc-fjf 3
jhf-fjf 4
bahg-fjf 3
596
2
bhg-fjg 2
bcfe-fjg 7
597
6
fdf-fjh 1
ei-fjh 1
babb-fjh 1
ddd-fjh 1
baij-fjh 2
g-fjh 4
598
9
ejc-fji 1
ehf-fji 1
hh-fji 1
bgb-fji 1
iga-fji 2
cdf-fji 1
jbi-fji 5
bddi-fji 1
fij-fji 1
599
3
ddi-fjj 4
bbg-fjj 4
gj-fjj 1
600
4
gie-gaa 1
gjf-gaa 1
gbb-gaa 1
bacj-gaa 8
601
3
ca-gab 1
ejg-gab 1
gdh-gab 8
602
1
cca-gac 8
603
6
bf-gad 1
cdf-gad 1
bjc-gad 1
hij-gad 3
jjh-gad 1
bdfe-gad 5
604
7
ceb-gae 1
bd-gae 2
jci-gae 2
hca-gae 2
bfi-gae 3
eig-gae 1
ghc-gae 1
605
1
bjh-gaf 8
606
5
dgc-gag 3
dff-gag 1
jij-gag 3
bahg-gag 2
bcba-gag 2
607
5
cjc-gah 1
fac-gah 3
cdd-gah 1
iaf-gah 4
ici-gah 1
608
2
daa-gai 3
gff-gai 6
609
4
ccf-gaj 1
di-gaj 8
iae-gaj 1
bcde-gaj 1
610
5
gcb-gba 1
hgc-gba 1
bbge-gba 5
fdi-gba 1
bbib-gba 3
611
6
eja-gbb 4
efh-gbb 1
cgb-gbb 1
dhf-gbb 2
becb-gbb 1
bfjj-gbb 3
612
6
bbh-gbc 1
ga-gbc 1
baab-gbc 5
bej-gbc 1
bbhc-gbc 3
hb-gbc 1
613
4
gca-gbd 1
fcb-gbd 1
cg-gbd 2
bbcd-gbd 6
614
1
bgfd-gbe 8
615
4
fgd-gbf 3
bbeh-gbf 2
ccj-gbf 3
bdcf-gbf 2
616
4
dga-gbg 2
hhb-gbg 3
bbcb-gbg 1
dhh-gbg 4
617
3
dje-gbh 1
ejj-gbh 1
ff-gbh 8
618
7
ej-gbi 1
dbi-gbi 1
ifc-gbi 3
bacg-gbi 1
cfd-gbi 1
dib-gbi 1
bbeh-gbi 5
619
4
gch-gbj 2
eaa-gbj 1
jej-gbj 1
bbfi-gbj 6
620
7
ddd-gca 1
gfd-gca 2
hbg-gca 4
iid-gca 1
haj-gca 2
jig-gca 1
bbfc-gca 1
621
6
cab-gcb 4
bch-gcb 1
bafh-gcb 1
jca-gcb 1
bbbb-gcb 1
bfbd-gcb 4
622
8
iie-gcc 1
baad-gcc 1
gaj-gcc 1
baee-gcc 1
bbii-gcc 1
ejb-gcc 1
bafc-gcc 4
cdh-gcc 3
623
4
ja-gcd 1
egf-gcd 7
bbjd-gcd 2
bgbi-gcd 1
624
3
fai-gce 2
dhb-gce 3
bdfi-gce 4
625
3
daf-gcf 1
cgj-gcf 4
baii-gcf 4
626
4
chg-gcg 1
hgd-gcg 3
cce-gcg 1
ijg-gcg 5
627
5
eja-gch 1
cih-gch 2
ffb-gch 1
fjh-gch 1
bdc-gch 7
628
6
fdc-gci 1
gid-gci 1
bga-gci 3
ghh-gci 1
cea-gci 2
igb-gci 4
629
2
ebb-gcj 6
ged-gcj 3
630
2
bdcf-gda 4
ihh-gda 5
631
4
bdci-gdb 1
cb-gdb 1
bbg-gdb 1
eah-gdb 8
632
5
gbe-gdc 2
ifc-gdc 3
igj-gdc 2
babf-gdc 3
cah-gdc 1
633
4
dgb-gdd 1
hfi-gdd 2
efh-gdd 2
bcag-gdd 6
634
5
gah-gde 1
hed-gde 1
gba-gde 1
baeb-gde 4
cdd-gde 4
635
4
bhc-gdf 1
gfe-gdf 4
hjh-gdf 1
bchf-gdf 4
636
5
db-gdg 1
gfd-gdg 1
hag-gdg 2
bddj-gdg 7
bajh-gdg 1
637
4
if-gdh 1
iih-gdh 1
bdfd-gdh 1
jci-gdh 8
638
1
jcc-gdi 8
639
3
gjg-gdj 7
cei-gdj 1
dib-gdj 2
640
5
eaa-gea 1
jh-gea 1
edi-gea 3
cda-gea 1
dea-gea 6
641
5
eff-geb 1
fcb-geb 1
hfa-geb 2
hhd-geb 3
begg-geb 4
642
2
ffc-gec 2
ihd-gec 7
643
1
bdbj-ged 8
644
1
dda-gee 8
645
4
gij-gef 1
gfh-gef 1
dfi-gef 6
bdgj-gef 2
646
4
baaa-geg 2
cie-geg 2
bfcj-geg 5
gaj-geg 2
647
4
gah-geh 1
iai-geh 1
bjh-geh 1
jg-geh 8
648
4
iba-gei 3
daf-gei 5
eeb-gei 1
ffa-gei 1
649
5
bge-gej 1
gda-gej 1
hgi-gej 6
fec-gej 1
cab-gej 1
650
2
hbc-gfa 7
bgeg-gfa 2
651
4
g-gfb 1
jhj-gfb 8
gfj-gfb 1
bcbi-gfb 1
652
4
bcb-gfc 5
ccf-gfc 1
baha-gfc 1
bche-gfc 3
653
3
gch-gfd 3
hjb-gfd 1
bdbg-gfd 6
654
3
bif-gfe 1
hfa-gfe 1
baci-gfe 8
655
7
ehe-gff 1
bga-gff 1
egf-gff 2
jbi-gff 1
eci-gff 1
idi-gff 6
hh-gff 1
656
4
cef-gfg 1
chc-gfg 1
jaj-gfg 1
bahh-gfg 7
657
4
bi-gfh 1
ffb-gfh 2
iga-gfh 5
jaj-gfh 1
658
5
ech-gfi 1
ghc-gfi 1
jeh-gfi 1
becd-gfi 7
dbd-gfi 1
659
1
bdba-gfj 8
660
3
bhe-gga 8
hhe-gga 1
gbc-gga 1
661
4
bee-ggb 1
eae-ggb 7
igf-ggb 1
bej-ggb 1
662
2
id-ggc 3
bgae-ggc 6
663
4
djj-ggd 1
igd-ggd 2
cjh-ggd 1
jhh-ggd 6
664
9
eeb-gge 1
ehc-gge 1
gaj-gge 1
bdc-gge 2
beg-gge 1
beai-gge 1
ifg-gge 1
efd-gge 6
bfid-gge 1
665
5
feh-ggf 3
ibj-ggf 1
jfj-ggf 3
bcdj-ggf 2
hab-ggf 2
666
4
caf-ggg 1
bih-ggg 1
die-ggg 1
dij-ggg 8
667
1
cab-ggh 8
668
3
cbc-ggi 1
cgh-ggi 7
bfc-ggi 2
670
4
gdh-gha 3
ifc-gha 5
gii-gha 1
bfgj-gha 1
671
6
ccg-ghb 1
bbff-ghb 1
bbfg-ghb 2
idb-ghb 5
bgef-ghb 2
bgae-ghb 1
672
8
efi-ghc 1
fhi-ghc 2
fea-ghc 1
cib-ghc 3
jjf-ghc 1
begg-ghc 1
beid-ghc 2
bch-ghc 3
673
3
did-ghd 3
egj-ghd 5
bae-ghd 1
674
3
cji-ghe 3
ccb-ghe 4
ggg-ghe 3
675
1
ggb-ghf 8
676
4
fhb-ghg 6
dhh-ghg 1
cej-ghg 2
fdj-ghg 1
677
3
bacj-ghh 2
fdi-ghh 1
cbc-ghh 7
678
4
bge-ghi 1
cic-ghi 1
daf-ghi 7
hai-ghi 1
679
5
eig-ghj 1
fcd-ghj 2
fdb-ghj 1
hec-ghj 1
bcbc-ghj 6
680
4
ccg-gia 1
ied-gia 1
hbf-gia 2
egg-gia 6
681
3
ehj-gib 1
cic-gib 1
bbhf-gib 8
682
5
fed-gic 3
gge-gic 1
bjc-gic 1
bbga-gic 1
dhi-gic 4
683
2
ddg-gid 1
cjj-gid 8
684
3
iih-gie 8
ihe-gie 1
ici-gie 1
685
5
gdf-gif 1
jea-gif 5
bcdi-gif 1
bcig-gif 2
hge-gif 2
686
4
cec-gig 3
bbe-gig 1
gj-gig 2
ijf-gig 5
687
5
fic-gih 1
baai-gih 1
die-gih 2
bbfb-gih 1
badc-gih 6
688
3
cgf-gii 1
ib-gii 1
baab-gii 8
689
5
bei-gij 2
fgh-gij 2
ibd-gij 4
ehf-gij 2
ehh-gij 1
690
2
ecd-gja 7
bajc-gja 2
691
1
ebc-gjb 8
692
5
hg-gjc 1
ca-gjc 1
hji-gjc 1
gbe-gjc 4
behb-gjc 4
693
1
gad-gjd 8
694
4
b-gje 1
eca-gje 1
bhc-gje 5
bbdf-gje 3
695
3
dig-gjf 4
hdh-gjf 3
ieg-gjf 3
696
6
dci-gjg 1
bbic-gjg 1
egg-gjg 1
bdda-gjg 3
behg-gjg 4
bfb-gjg 2
697
3
cje-gjh 1
dfd-gjh 2
cbg-gjh 7
698
2
ghe-gji 6
bbgf-gji 3
699
4
cg-gjj 1
fbi-gjj 1
hhe-gjj 2
iii-gjj 6
700
4
bjj-haa 5
dg-haa 1
dbe-haa 3
bcea-haa 1
701
3
gc-hab 3
fij-hab 4
bcfg-hab 3
702
4
gid-hac 1
gdb-hac 6
eif-hac 1
bcbg-hac 2
703
1
iec-had 8
704
6
fac-hae 1
ije-hae 1
idb-hae 1
chi-hae 2
bbic-hae 6
hea-hae 1
705
5
gic-haf 1
bbcd-haf 1
jji-haf 1
jda-haf 8
cdd-haf 1
706
6
dfg-hag 1
dic-hag 2
hje-hag 5
bcgb-hag 1
beje-hag 1
ecj-hag 1
707
4
dcd-hah 1
ghg-hah 1
efj-hah 2
fda-hah 7
708
3
bfh-hai 1
hfh-hai 5
bce-hai 3
709
1
bdjj-haj 8
710
3
gee-hba 1
bega-hba 4
bdbi-hba 5
711
4
eee-hbb 1
cfb-hbb 2
cgj-hbb 2
fac-hbb 5
712
3
ffc-hbc 4
jdg-hbc 4
bdif-hbc 1
713
6
eij-hbd 1
iah-hbd 1
jjf-hbd 1
bei-hbd 1
bcbd-hbd 1
bdff-hbd 7
714
3
fji-hbe 3
edh-hbe 1
fc-hbe 6
715
3
fcf-hbf 6
dga-hbf 2
jf-hbf 2
716
5
gde-hbg 1
ife-hbg 2
egh-hbg 1
jh-hbg 2
bdjf-hbg 5
717
4
dbj-hbh 1
ifg-hbh 1
babe-hbh 6
ci-hbh 3
718
2
egd-hbi 3
jfh-hbi 6
719
2
jge-hbj 4
bedf-hbj 5
720
7
g-hca 1
hcf-hca 3
ejj-hca 1
cib-hca 1
jid-hca 2
ead-hca 1
ibe-hca 4
721
5
cha-hcb 1
jba-hcb 1
bahd-hcb 7
bdfa-hcb 1
ffe-hcb 1
722
2
cie-hcc 6
iee-hcc 3
723
5
hhf-hcd 1
bgi-hcd 2
jee-hcd 7
ghf-hcd 1
bdhb-hcd 1
724
7
gfj-hce 1
eab-hce 2
bde-hce 1
dha-hce 1
beaf-hce 1
ejf-hce 4
bchf-hce 3
725
5
cih-hcf 1
b-hcf 2
hhc-hcf 2
gad-hcf 5
bbae-hcf 1
726
4
ja-hcg 2
jjg-hcg 1
ibf-hcg 5
baed-hcg 2
727
4
fci-hch 3
jcb-hch 1
gdg-hch 4
ghe-hch 1
728
5
geh-hci 2
baef-hci 1
bdff-hci 2
fbf-hci 1
ggi-hci 5
729
6
eec-hcj 4
hdb-hcj 1
ejb-hcj 1
bbbg-hcj 1
jd-hcj 1
bbgd-hcj 4
730
5
eda-hda 1
ffb-hda 3
ea-hda 1
dec-hda 3
idc-hda 3
731
4
fei-hdb 1
jh-hdb 1
bejg-hdb 4
bfhg-hdb 4
732
6
cbi-hdc 1
jbf-hdc 4
cej-hdc 1
bdac-hdc 3
gig-hdc 1
befb-hdc 3
733
4
ejb-hdd 1
bdg-hdd 7
cih-hdd 1
bcf-hdd 1
734
3
gdj-hde 1
bbjf-hde 3
jfh-hde 6
735
5
fad-hdf 1
gbh-hdf 3
bbha-hdf 4
dci-hdf 2
bcfg-hdf 1
736
3
eba-hdg 1
fjc-hdg 8
dac-hdg 1
737
3
fec-hdh 6
ihb-hdh 3
baga-hdh 1
738
3
bic-hdi 1
iae-hdi 1
beah-hdi 8
739
4
bci-hdj 1
eci-hdj 2
haa-hdj 6
jbj-hdj 1
740
8
fdf-hea 2
jjg-hea 1
jb-hea 1
djb-hea 4
bdfd-hea 1
cb-hea 1
befg-hea 2
bcji-hea 1
741
2
fab-heb 1
icg-heb 8
742
4
fai-hec 2
bdhc-hec 4
bdda-hec 2
bfjg-hec 2
743
3
ffe-hed 2
bcbg-hed 5
bfei-hed 2
744
3
gbf-hee 3
ijb-hee 1
bfhd-hee 6
745
5
beg-hef 1
bge-hef 1
gha-hef 1
bjd-hef 7
bfch-hef 1
746
3
ceb-heg 1
bcdd-heg 8
fid-heg 1
747
4
hii-heh 6
ggc-heh 1
ed-heh 1
dcb-heh 2
748
3
ie-hei 2
fad-hei 3
if-hei 5
749
4
gcc-hej 1
cec-hej 2
ccd-hej 2
bgbd-hej 5
750
5
dgc-hfa 5
jga-hfa 1
jhg-hfa 1
bdi-hfa 1
befe-hfa 2
751
5
egc-hfb 1
icd-hfb 4
gc-hfb 2
beh-hfb 1
bff-hfb 2
752
3
gab-hfc 1
gjh-hfc 6
bcdc-hfc 2
753
4
ddc-hfd 1
bad-hfd 1
bcec-hfd 1
eih-hfd 8
754
4
dfb-hfe 1
gac-hfe 1
bahd-hfe 5
ejg-hfe 3
755
3
hge-hff 3
bacc-hff 4
bbci-hff 3
756
3
gfd-hfg 1
ij-hfg 1
bbac-hfg 8
757
5
eci-hfh 1
ihf-hfh 3
ede-hfh 4
ibb-hfh 1
bbaj-hfh 1
758
3
heb-hfi 1
eci-hfi 1
beih-hfi 8
759
3
gaa-hfj 2
jfc-hfj 1
bfhi-hfj 7
760
2
fdb-hga 2
bbg-hga 7
761
6
iaj-hgb 1
bdf-hgb 2
gcc-hgb 1
dfj-hgb 2
hfc-hgb 3
bccd-hgb 1
762
4
dej-hgc 1
hje-hgc 5
fea-hgc 1
fia-hgc 2
763
2
bbfa-hgd 6
bedb-hgd 3
764
3
efg-hge 1
jdc-hge 1
beff-hge 8
765
4
bci-hgf 1
fea-hgf 1
icd-hgf 3
bafe-hgf 5
766
3
ddc-hgg 2
baib-hgg 2
ehf-hgg 6
767
2
deg-hgh 1
dej-hgh 8
768
4
hah-hgi 1
baai-hgi 1
cdb-hgi 1
baja-hgi 8
769
1
bbjj-hgj 8
770
6
ii-hha 1
ihj-hha 7
hdd-hha 1
bi-hha 1
baad-hha 1
dag-hha 1
771
5
fj-hhb 1
dfa-hhb 1
bbaa-hhb 2
bbaj-hhb 1
gfa-hhb 5
772
3
fhc-hhc 1
eia-hhc 1
beff-hhc 8
773
4
ch-hhd 1
gaa-hhd 7
bdec-hhd 2
bbd-hhd 1
774
5
gja-hhe 1
fcd-hhe 1
dji-hhe 1
eff-hhe 5
bdfa-hhe 2
775
4
ed-hhf 1
dag-hhf 2
bafj-hhf 2
bcf-hhf 6
776
4
bcd-hhg 1
hbb-hhg 5
ga-hhg 1
dgd-hhg 2
777
2
ebd-hhh 2
haa-hhh 6
778
2
dcj-hhi 1
bdci-hhi 8
779
7
beb-hhj 1
idc-hhj 1
hie-hhj 1
cbg-hhj 1
chi-hhj 1
jec-hhj 2
bfag-hhj 6
780
3
dbf-hia 1
bbie-hia 2
jdd-hia 6
781
3
ccc-hib 1
bbi-hib 7
bbfb-hib 2
782
4
chh-hic 1
dhd-hic 2
dcc-hic 1
bgcf-hic 7
783
1
bgdg-hid 8
784
2
bjg-hie 3
bgbb-hie 6
785
3
fje-hif 4
cii-hif 2
ggc-hif 3
786
3
gb-hig 1
fig-hig 8
che-hig 1
787
5
eii-hih 1
iaf-hih 1
ddh-hih 7
bfg-hih 1
bdbe-hih 1
788
4
fej-hii 1
djb-hii 1
jaj-hii 1
cgi-hii 8
789
6
fj-hij 1
hag-hij 1
dif-hij 2
bbbd-hij 1
jff-hij 1
bji-hij 5
790
2
fae-hja 6
gbd-hja 3
791
3
cfh-hjb 7
bde-hjb 2
cbb-hjb 1
792
7
hcc-hjc 1
edj-hjc 1
ifd-hjc 1
gaj-hjc 1
bbfi-hjc 5
bfhe-hjc 2
hbi-hjc 1
793
2
fef-hjd 8
bbd-hjd 1
794
2
fgj-hje 5
bdja-hje 4
795
3
gid-hjf 1
edj-hjf 7
beji-hjf 2
796
7
cfa-hjg 2
gci-hjg 2
eda-hjg 2
igd-hjg 1
jgg-hjg 2
gdj-hjg 1
jdh-hjg 1
797
2
caj-hjh 8
bcg-hjh 1
798
3
bba-hji 1
iac-hji 1
hfj-hji 8
799
7
bgc-hjj 1
fe-hjj 1
bace-hjj 1
fgd-hjj 2
gah-hjj 5
beea-hjj 1
cjf-hjj 1
800
6
cij-iaa 1
deb-iaa 1
eef-iaa 1
jcg-iaa 4
ead-iaa 1
dhc-iaa 5
801
3
cdh-iab 1
ech-iab 6
bdbh-iab 3
802
3
eic-iac 2
hbi-iac 6
hia-iac 2
803
5
cba-iad 1
d-iad 2
jcd-iad 2
cgd-iad 4
dd-iad 1
804
5
cib-iae 1
bcd-iae 1
cdf-iae 8
cjg-iae 1
fjd-iae 1
805
4
ejf-iaf 1
gjf-iaf 4
jd-iaf 1
ecj-iaf 3
806
4
bage-iag 8
ihd-iag 1
ejg-iag 1
begg-iag 1
807
2
fei-iah 2
dad-iah 7
808
4
jh-iai 1
gf-iai 1
beja-iai 1
dje-iai 8
809
3
gbh-iaj 1
gci-iaj 3
bddg-iaj 5
810
5
bcb-iba 1
bafb-iba 4
bbba-iba 4
bbbj-iba 1
ejb-iba 1
811
2
iha-ibb 8
bead-ibb 1
812
2
egb-ibc 7
bbgf-ibc 2
813
2
bdhd-ibd 3
bgcj-ibd 6
814
3
fba-ibe 2
jbe-ibe 1
bbcc-ibe 7
815
3
dje-ibf 2
dih-ibf 3
bffh-ibf 5
816
4
efj-ibg 1
ceb-ibg 1
fhg-ibg 6
bafg-ibg 2
817
3
eja-ibh 3
bahj-ibh 1
babb-ibh 6
818
5
fii-ibi 1
gi-ibi 1
bjc-ibi 2
jib-ibi 1
fdi-ibi 6
819
4
hae-ibj 1
bbdb-ibj 6
bbcd-ibj 2
dfd-ibj 2
820
5
jde-ica 1
bcfh-ica 2
becf-ica 3
edc-ica 1
dgi-ica 4
821
3
fhj-icb 1
fib-icb 1
hfi-icb 8
822
2
fdh-icc 6
edb-icc 3
823
5
hj-icd 5
jaa-icd 1
eig-icd 1
hcd-icd 1
jaj-icd 2
824
3
hgi-ice 1
jfh-ice 1
ehd-ice 7
825
4
cih-icf 2
dbb-icf 4
bcha-icf 1
fce-icf 3
826
3
bjj-icg 6
gcg-icg 1
bcdi-icg 3
827
2
djd-ich 1
beei-ich 8
828
3
dfa-ici 1
cj-ici 1
jc-ici 8
829
2
hbe-icj 1
jie-icj 8
830
5
hee-ida 1
jbh-ida 1
bhf-ida 1
ehj-ida 1
bcfd-ida 7
831
7
fce-idb 1
jcb-idb 1
cdh-idb 1
bach-idb 4
bfjd-idb 1
cii-idb 1
ghi-idb 4
832
3
gjg-idc 6
djj-idc 1
iij-idc 2
833
4
fj-idd 1
bbah-idd 1
fih-idd 1
bfda-idd 7
834
1
fgc-ide 8
835
5
dh-idf 5
jhi-idf 1
efa-idf 2
dii-idf 2
bajg-idf 1
836
4
ic-idg 1
bfi-idg 1
bagf-idg 1
dhd-idg 8
837
3
bad-idh 1
gdg-idh 3
hhg-idh 5
838
5
hhc-idi 1
ech-idi 3
baeh-idi 1
bbdd-idi 1
bgfa-idi 5
839
3
bcc-idj 4
bgf-idj 1
fdj-idj 5
840
4
chb-iea 1
eeb-iea 1
bij-iea 1
bebf-iea 8
841
3
fhb-ieb 6
bdaj-ieb 1
bbie-ieb 3
842
5
hfh-iec 1
iff-iec 2
fgf-iec 1
hfg-iec 7
bbca-iec 1
843
4
bbid-ied 5
hhb-ied 1
jac-ied 4
bche-ied 1
844
3
efc-iee 1
baje-iee 7
bdcd-iee 1
845
4
hag-ief 1
bfc-ief 6
ea-ief 1
bbah-ief 2
846
5
ebg-ieg 1
hcd-ieg 2
fjj-ieg 1
idd-ieg 6
ffh-ieg 1
847
4
bjg-ieh 1
bchj-ieh 5
caj-ieh 3
bge-ieh 2
848
6
efg-iei 3
dbf-iei 1
gdf-iei 1
hgi-iei 5
behf-iei 1
bcgb-iei 1
849
2
bdi-iej 1
bbh-iej 8
850
5
hcf-ifa 5
ccc-ifa 1
bbbi-ifa 3
bdbe-ifa 1
bdih-ifa 1
851
3
fgh-ifb 1
dfh-ifb 5
bagh-ifb 3
852
6
cee-ifc 1
ejj-ifc 1
bchg-ifc 6
gfa-ifc 1
fdj-ifc 1
jid-ifc 2
853
4
bah-ifd 1
cf-ifd 6
ijh-ifd 1
bbhd-ifd 2
854
3
dad-ife 2
bbdj-ife 1
hjf-ife 7
855
5
fb-iff 1
bjb-iff 1
jgf-iff 1
cgi-iff 1
efe-iff 7
856
3
jci-ifg 1
be-ifg 3
bgeb-ifg 5
857
4
eif-ifh 1
baga-ifh 2
baai-ifh 1
cid-ifh 6
858
2
bcci-ifi 5
badf-ifi 4
859
1
chb-ifj 8
860
2
gfj-iga 1
ebb-iga 8
861
2
gb-igb 1
cif-igb 8
862
3
eaf-igc 2
gh-igc 1
bcgi-igc 7
863
3
ife-igd 3
ggg-igd 5
hfd-igd 1
864
3
dbi-ige 1
hjc-ige 6
dbj-ige 2
865
1
egi-igf 8
866
1
babd-igg 8
867
1
hag-igh 8
868
3
gag-igi 1
bcbj-igi 4
bbg-igi 4
869
4
gih-igj 1
dde-igj 1
jba-igj 3
bdie-igj 5
870
4
hgf-iha 1
jfa-iha 1
bcdj-iha 7
bbfe-iha 1
871
2
eii-ihb 1
bbcj-ihb 8
872
3
eba-ihc 1
jfd-ihc 1
ehj-ihc 7
873
4
fj-ihd 1
behh-ihd 4
bbdd-ihd 4
bgei-ihd 1
874
3
hdi-ihe 2
hdj-ihe 1
hdg-ihe 6
875
5
eh-ihf 1
ijj-ihf 1
cfb-ihf 1
bbad-ihf 7
bfcc-ihf 1
876
4
gbf-ihg 2
cdj-ihg 3
gij-ihg 5
bcj-ihg 1
877
3
eef-ihh 1
cib-ihh 6
gih-ihh 2
878
5
gjh-ihi 1
jg-ihi 1
hdb-ihi 1
bdgf-ihi 8
bebh-ihi 1
879
2
cef-ihj 2
caf-ihj 7
880
3
fgb-iia 8
hfh-iia 1
fid-iia 1
881
5
id-iib 3
cfb-iib 1
bafa-iib 1
baeb-iib 4
chd-iib 1
882
4
iie-iic 1
fag-iic 3
gfa-iic 1
jje-iic 5
883
4
cej-iid 1
ffa-iid 6
iae-iid 2
bfei-iid 1
884
5
bec-iie 2
jee-iie 1
bgc-iie 1
cbb-iie 2
bejf-iie 5
885
2
hif-iif 2
bbei-iif 7
886
3
hcg-iig 8
hjb-iig 1
ddg-iig 1
887
1
hbj-iih 8
888
1
bbib-iii 8
889
1
baaa-iij 8
890
3
iaa-ija 4
bcfe-ija 1
dbj-ija 4
891
1
ega-ijb 8
892
4
bbf-ijc 3
hg-ijc 2
cgi-ijc 2
bcij-ijc 3
893
3
gdh-ijd 1
beda-ijd 5
hfi-ijd 3
894
4
bef-ije 2
gda-ije 1
bbbj-ije 2
beef-ije 6
895
2
hei-ijf 2
bj-ijf 7
896
2
ig-ijg 1
behi-ijg 8
897
2
hhg-ijh 3
bii-ijh 6
898
1
gd-iji 8
899
2
cff-ijj 1
iaf-ijj 8
900
3
cf-jaa 1
jbg-jaa 1
bbjh-jaa 7
901
3
djh-jab 1
baej-jab 3
gbe-jab 6
902
5
hca-jac 1
ejj-jac 1
ghg-jac 4
ibb-jac 2
bgg-jac 2
903
3
djc-jad 1
bcij-jad 7
dgj-jad 1
904
3
cja-jae 2
ee-jae 1
bbih-jae 7
905
2
bdig-jaf 7
bgd-jaf 2
906
3
cg-jag 3
cbc-jag 5
bdij-jag 1
907
6
cfe-jah 1
fie-jah 1
bajg-jah 1
bchh-jah 4
bcif-jah 1
baia-jah 5
908
5
hah-jai 1
efa-jai 1
gbj-jai 5
bbbg-jai 2
bffi-jai 1
909
2
iic-jaj 1
ebd-jaj 8
910
3
cgd-jba 1
gej-jba 7
bdef-jba 2
911
2
gjc-jbb 4
dhg-jbb 5
912
2
gbg-jbc 1
jca-jbc 8
913
3
dij-jbd 2
bgh-jbd 2
bfad-jbd 5
914
3
fbj-jbe 4
bbig-jbe 1
de-jbe 4
915
5
gfg-jbf 1
jbe-jbf 1
bedi-jbf 6
hai-jbf 1
cc-jbf 1
916
5
igc-jbg 1
bjd-jbg 1
ehd-jbg 3
baie-jbg 4
bdid-jbg 3
917
3
bji-jbh 1
babf-jbh 3
dbd-jbh 5
918
2
hai-jbi 1
bdcc-jbi 8
919
5
ieg-jbj 1
hdc-jbj 1
jhb-jbj 2
ejd-jbj 3
daa-jbj 3
920
4
idf-jca 1
jde-jca 1
jfg-jca 7
fdh-jca 1
921
4
ihh-jcb 1
hhf-jcb 1
gae-jcb 4
faj-jcb 4
922
3
fej-jcc 1
fjg-jcc 1
gfb-jcc 8
923
4
ied-jcd 1
bagh-jcd 1
hgh-jcd 3
jcc-jcd 5
924
1
bafi-jce 8
925
3
igj-jcf 3
djc-jcf 4
ghe-jcf 3
926
3
babe-jcg 1
cfj-jcg 1
ggg-jcg 8
927
1
hhh-jch 8
928
6
hhe-jci 1
fch-jci 1
fb-jci 1
beia-jci 1
bfbf-jci 7
gih-jci 2
930
3
cjb-jda 1
bgdf-jda 1
bdig-jda 8
931
5
bbaj-jdb 1
jji-jdb 1
cgf-jdb 1
hge-jdb 5
jhc-jdb 3
932
3
hbh-jdc 1
gdh-jdc 6
jc-jdc 2
933
3
dic-jdd 1
dhc-jdd 7
ffh-jdd 1
934
6
bie-jde 1
baad-jde 1
bcjb-jde 1
bdgi-jde 1
bi-jde 5
ha-jde 1
936
7
ibi-jdg 1
fbf-jdg 1
dhj-jdg 5
gea-jdg 1
bhb-jdg 2
bh-jdg 1
cjh-jdg 1
937
1
ea-jdh 8
938
1
dfb-jdi 8
939
4
ja-jdj 1
eic-jdj 2
jfj-jdj 6
dhb-jdj 1
940
2
ije-jea 8
ef-jea 1
941
1
jad-jeb 8
942
5
ehc-jec 5
bgb-jec 1
dae-jec 2
bdfg-jec 1
badg-jec 1
943
1
djc-jed 8
944
4
ceg-jee 1
ej-jee 1
cfg-jee 1
hjb-jee 8
945
5
beh-jef 1
fad-jef 4
bbfe-jef 1
bbje-jef 3
badj-jef 3
946
2
bbj-jeg 8
baib-jeg 1
947
3
ddj-jeh 3
bafe-jeh 1
bgdb-jeh 6
948
2
eff-jei 6
jja-jei 3
949
3
fgj-jej 1
dch-jej 6
ehb-jej 3
950
4
bhe-jfa 4
iec-jfa 1
chb-jfa 2
fdj-jfa 3
951
3
cge-jfb 1
bbdb-jfb 3
ebb-jfb 6
952
3
cgh-jfc 2
jgb-jfc 7
egb-jfc 1
953
2
fbd-jfd 5
babc-jfd 4
954
4
egf-jfe 1
bcif-jfe 1
bfgb-jfe 7
c-jfe 2
955
3
ee-jff 1
egg-jff 5
bfeb-jff 4
956
4
fic-jfg 1
ghc-jfg 1
bccb-jfg 4
ega-jfg 4
957
5
eij-jfh 1
ddc-jfh 1
fdf-jfh 1
bffj-jfh 2
gfb-jfh 7
958
4
eib-jfi 1
dii-jfi 1
befa-jfi 1
bbj-jfi 7
959
5
bcc-jfj 1
jfa-jfj 1
bcaj-jfj 1
bdhe-jfj 7
eac-jfj 1
960
5
fdf-jga 1
bagg-jga 1
bfab-jga 1
bfcd-jga 8
bfcf-jga 1
961
1
ecd-jgb 8
962
5
ied-jgc 2
babj-jgc 2
bba-jgc 2
cfa-jgc 1
ibd-jgc 3
963
1
ghb-jgd 8
964
5
dda-jge 1
bagf-jge 2
gbf-jge 1
bedj-jge 4
bcgj-jge 2
965
5
fbf-jgf 1
hhj-jgf 2
i-jgf 6
fjd-jgf 1
bhg-jgf 1
966
3
cfd-jgg 2
bajc-jgg 5
heh-jgg 3
967
2
jcb-jgh 4
dfc-jgh 5
968
2
gjf-jgi 1
iae-jgi 8
970
4
efh-jha 1
jia-jha 3
bea-jha 1
ghd-jha 6
971
1
ejg-jhb 8
972
4
eej-jhc 6
ced-jhc 2
gga-jhc 1
hei-jhc 1
973
2
geb-jhd 1
gba-jhd 8
974
3
jae-jhe 2
jih-jhe 1
bbai-jhe 6
975
4
gid-jhf 1
bajj-jhf 2
fch-jhf 1
behe-jhf 6
976
2
fbi-jhg 1
hde-jhg 8
977
3
gab-jhh 2
gej-jhh 1
bfia-jhh 6
978
3
fca-jhi 1
bagi-jhi 3
bcj-jhi 6
979
1
eei-jhj 8
980
7
hdd-jia 1
baac-jia 1
bje-jia 1
baca-jia 1
bded-jia 6
ecc-jia 1
ddg-jia 1
981
4
bab-jib 3
gda-jib 1
iac-jib 3
bjf-jib 3
982
2
hff-jic 1
igj-jic 8
983
4
jff-jid 6
cag-jid 2
bdgd-jid 1
bgfj-jid 1
984
3
hdb-jie 3
baih-jie 2
cij-jie 4
985
4
hah-jif 4
dge-jif 1
bb-jif 4
bdih-jif 1
986
3
bbe-jig 1
bafi-jig 2
gha-jig 6
987
3
jhi-jih 4
gfi-jih 4
bfa-jih 2
988
4
bjh-jii 1
ihe-jii 1
ddf-jii 8
cei-jii 1
989
2
ge-jij 5
bah-jij 4
990
1
idh-jja 8
991
6
ihg-jjb 1
bdi-jjb 2
jif-jjb 2
hja-jjb 3
ieg-jjb 3
cjc-jjb 1
992
3
jhg-jjc 1
jbg-jjc 2
bcgb-jjc 7
993
1
daj-jjd 8
994
5
hdd-jje 1
badd-jje 1
baig-jje 4
bbcg-jje 3
ej-jje 1
995
2
hja-jjf 8
ccf-jjf 1
996
2
efa-jjg 3
gfc-jjg 6
997
1
geh-jjh 8
998
2
hef-jji 8
j-jji 1
999
3
edg-jjj 1
baea-jjj 1
bcci-jjj 8
1000
1
fgi-baaa 8
1001
5
jeg-baab 5
ifd-baab 3
bbdf-baab 1
bc-baab 1
efi-baab 1
1002
2
hig-baac 2
jbh-baac 7
1003
4
ehj-baad 1
jcd-baad 1
bbbh-baad 3
ceb-baad 5
1004
2
dib-baae 1
eje-baae 8
1005
2
baae-baaf 8
bdej-baaf 1
1006
5
fc-baag 1
cdc-baag 2
jci-baag 4
beja-baag 1
ffj-baag 2
1007
2
baef-baah 8
jab-baah 1
1008
4
dgd-baai 1
bacb-baai 2
baha-baai 6
igj-baai 1
1009
1
ceb-baaj 8
1010
5
dfi-baba 1
haj-baba 1
bbfb-baba 1
ehi-baba 7
jdf-baba 1
1011
3
ggi-babb 1
edh-babb 1
djh-babb 8
1012
5
jga-babc 1
ege-babc 1
beag-babc 6
baif-babc 1
if-babc 2
1013
3
gec-babd 1
bddi-babd 1
dfe-babd 8
1014
4
cjc-babe 1
ebj-babe 8
ije-babe 1
dbj-babe 1
1015
2
ceg-babf 1
begj-babf 8
1016
3
bbdj-babg 1
beba-babg 5
bdhd-babg 4
1017
2
cbg-babh 4
baia-babh 5
1018
3
gd-babi 1
cdb-babi 4
baij-babi 5
1019
3
bbcg-babj 3
fdc-babj 6
bfib-babj 1
1020
1
igh-baca 8
1021
6
jg-bacb 1
heb-bacb 2
jce-bacb 1
jhb-bacb 1
bcje-bacb 3
bgbj-bacb 4
1022
3
feg-bacc 1
hbc-bacc 1
gdb-bacc 8
1023
1
jgf-bacd 8
1024
2
dhb-bace 2
bbcd-bace 7
1025
1
ifd-bacf 8
1026
2
cja-bacg 3
bgdb-bacg 6
1027
3
fdd-bach 1
baag-bach 1
bih-bach 8
1028
2
egi-baci 1
ejc-baci 8
1029
4
ib-bacj 1
bada-bacj 1
iha-bacj 8
ibj-bacj 1
1030
4
bbcf-bada 2
hej-bada 2
gdb-bada 4
ecj-bada 2
1031
3
bdf-badb 7
dcd-badb 1
bddf-badb 1
1032
3
cad-badc 1
hfg-badc 2
ifg-badc 7
1033
3
jc-badd 1
bcac-badd 8
gh-badd 1
1034
1
ega-bade 8
1035
1
fgh-badf 8
1036
2
jhi-badg 6
bbbf-badg 3
1037
2
fhe-badh 2
bbgj-badh 7
1038
2
ghg-badi 1
bbdi-badi 8
1039
4
ff-badj 1
ijj-badj 1
bbhf-badj 4
bjf-badj 4
1040
4
jgg-baea 1
cid-baea 1
he-baea 1
hdd-baea 7
1041
4
iag-baeb 1
fd-baeb 1
bbaf-baeb 1
bdcj-baeb 7
1042
5
jha-baec 2
bcac-baec 1
hbg-baec 5
jaa-baec 2
ccb-baec 1
1043
1
djc-baed 8
1044
1
baeg-baee 8
1045
4
efd-baef 2
bdbf-baef 1
fi-baef 5
gj-baef 1
1046
4
hhd-baeg 2
jdc-baeg 2
baic-baeg 1
bcef-baeg 5
1047
2
dfd-baeh 6
ihg-baeh 3
1048
4
chj-baei 1
bhc-baei 1
bagg-baei 7
bcig-baei 1
1049
4
bbhh-baej 4
hih-baej 1
bdij-baej 1
bdfj-baej 5
1050
5
hgc-bafa 1
babe-bafa 4
jdj-bafa 3
cff-bafa 1
dgj-bafa 2
1051
4
baah-bafb 1
bcji-bafb 1
bbbd-bafb 5
gdg-bafb 4
1052
4
jce-bafc 1
hii-bafc 6
gfg-bafc 1
bbef-bafc 2
1053
2
fei-bafd 1
cfa-bafd 8
1054
3
dhc-bafe 1
fdd-bafe 8
bgf-bafe 1
1055
2
hcj-baff 1
bfif-baff 8
1056
1
fdd-bafg 8
1057
1
jbd-bafh 8
1058
4
bhj-bafi 5
chi-bafi 2
bbgf-bafi 1
bag-bafi 2
1059
3
gfi-bafj 1
bcag-bafj 1
hef-bafj 8
1060
2
ded-baga 1
bbag-baga 8
1061
2
fhb-bagb 8
bcgd-bagb 1
1062
1
gie-bagc 8
1063
3
beg-bagd 3
hgd-bagd 5
ibg-bagd 1
1064
4
jfb-bage 2
babh-bage 1
bbcj-bage 1
jhf-bage 6
1065
2
bgd-bagf 1
bede-bagf 8
1066
5
jid-bagg 1
baie-bagg 2
bbgh-bagg 1
fcb-bagg 5
hgb-bagg 2
1067
6
jbd-bagh 1
ijg-bagh 2
cgf-bagh 3
eab-bagh 1
cde-bagh 2
gje-bagh 3
1068
3
ehh-bagi 1
ggh-bagi 1
bcac-bagi 8
1069
3
jhd-bagj 8
bad-bagj 1
bgj-bagj 1
1070
2
bcgf-baha 3
bgcc-baha 6
1071
2
cgc-bahb 2
bgah-bahb 7
1072
1
hbg-bahc 8
1073
6
efa-bahd 1
dii-bahd 1
bcgf-bahd 1
behd-bahd 1
beij-bahd 2
dbb-bahd 7
1074
1
bcdi-bahe 8
1075
2
bagd-bahf 8
ffi-bahf 1
1076
2
bgc-bahg 1
gjc-bahg 8
1077
4
hea-bahh 1
bahg-bahh 7
bedg-bahh 2
jab-bahh 1
1078
4
hab-bahi 2
ceh-bahi 1
ghc-bahi 6
ia-bahi 1
1079
2
ghi-bahj 7
fbe-bahj 2
1080
3
jif-baia 1
gaf-baia 1
bgg-baia 8
1081
2
iac-baib 6
hih-baib 3
1082
3
babi-baic 3
iaa-baic 6
bcgg-baic 1
1083
2
ib-baid 2
bejd-baid 7
1084
5
iaf-baie 4
bade-baie 2
chg-baie 1
efc-baie 2
bai-baie 2
1085
1
jcb-baif 8
1086
4
edd-baig 3
jgh-baig 3
ihc-baig 1
hif-baig 4
1087
6
gcf-baih 2
bbgd-baih 1
eea-baih 1
bcej-baih 1
becj-baih 6
bcgf-baih 1
1088
2
ffj-baii 1
bbab-baii 8
1089
3
bfh-baij 1
ife-baij 8
bha-baij 1
1090
4
bif-baja 1
cgg-baja 1
bcfj-baja 4
cdh-baja 4
1091
3
ji-bajb 2
bdfg-bajb 4
bafj-bajb 4
1092
3
hih-bajc 1
bbae-bajc 2
dhb-bajc 7
1093
4
hha-bajd 8
hhg-bajd 1
edc-bajd 1
bfjc-bajd 1
1094
4
iej-baje 3
hhe-baje 1
bdab-baje 1
gfi-baje 5
1095
5
eca-bajf 1
jcd-bajf 1
jeb-bajf 1
bbgi-bajf 8
bcje-bajf 1
1096
2
cgf-bajg 4
fi-bajg 4
1097
2
hba-bajh 7
bia-bajh 2
1098
2
baje-baji 8
bhf-baji 1
1099
3
ejh-bajj 1
eci-bajj 1
bajf-bajj 8
1100
3
ghb-bbaa 1
bcfa-bbaa 8
beeg-bbaa 1
1101
2
cde-bbab 1
bbfc-bbab 8
1102
4
dce-bbac 4
iif-bbac 1
fed-bbac 2
bejd-bbac 3
1103
2
bbag-bbad 2
jbh-bbad 7
1104
6
gid-bbae 1
eah-bbae 1
bcfc-bbae 1
hg-bbae 1
gc-bbae 7
bgba-bbae 1
1105
2
eff-bbaf 8
hhg-bbaf 1
1106
1
gff-bbag 8
1107
4
cja-bbah 2
fhe-bbah 3
beci-bbah 5
bfjh-bbah 1
1108
3
bafj-bbai 1
bhj-bbai 7
bdch-bbai 1
1109
1
ich-bbaj 8
1110
5
hde-bbba 1
babb-bbba 1
cgd-bbba 1
hdb-bbba 7
jid-bbba 1
1111
1
hed-bbbb 8
1113
4
icb-bbbd 1
baec-bbbd 2
bbh-bbbd 1
bgab-bbbd 7
1114
3
bcc-bbbe 5
bccj-bbbe 2
dhj-bbbe 3
1115
3
gej-bbbf 4
faj-bbbf 2
cef-bbbf 4
1116
3
ief-bbbg 4
baci-bbbg 1
icb-bbbg 5
1117
2
ehg-bbbh 6
bagc-bbbh 3
1118
2
bac-bbbi 6
gee-bbbi 3
1119
3
big-bbbj 1
bahe-bbbj 2
bgdj-bbbj 6
1120
2
bdd-bbca 1
jcc-bbca 8
1121
6
djj-bbcb 2
ccc-bbcb 1
jfd-bbcb 1
fbc-bbcb 1
iee-bbcb 4
hih-bbcb 2
1122
2
hbd-bbcc 8
bgf-bbcc 1
1123
3
baii-bbcd 5
jjd-bbcd 1
gje-bbcd 4
1124
2
iff-bbce 5
gde-bbce 4
1125
2
bbae-bbcf 1
fhc-bbcf 8
1126
3
fcg-bbcg 1
bdid-bbcg 1
ccj-bbcg 7
1127
1
icb-bbch 8
1128
2
bie-bbci 3
babh-bbci 6
1129
2
hee-bbcj 8
bbbb-bbcj 1
1130
3
jde-bbda 7
ehh-bbda 1
bbji-bbda 2
1131
5
bbf-bbdb 1
hjj-bbdb 1
idc-bbdb 4
bfdj-bbdb 1
ifa-bbdb 4
1132
1
jh-bbdc 8
1133
5
fgh-bbdd 1
gid-bbdd 2
bci-bbdd 4
eii-bbdd 2
beb-bbdd 2
1134
1
jif-bbde 8
1135
3
baed-bbdf 2
gbi-bbdf 7
gbc-bbdf 1
1136
3
bhc-bbdg 3
bid-bbdg 1
bgdc-bbdg 6
1137
3
eef-bbdh 1
bcjd-bbdh 1
ghb-bbdh 7
1138
3
baee-bbdi 4
hbh-bbdi 5
bcba-bbdi 1
1139
1
ghi-bbdj 8
1140
3
dfh-bbea 1
cga-bbea 4
df-bbea 5
1141
5
ji-bbeb 1
bbde-bbeb 1
ihd-bbeb 5
bbae-bbeb 3
bffc-bbeb 1
1142
2
cai-bbec 1
bcie-bbec 8
1143
1
jc-bbed 8
1144
2
gcj-bbee 1
bdee-bbee 8
1145
4
badd-bbef 1
fjf-bbef 1
ce-bbef 1
fjb-bbef 7
1146
3
eca-bbeg 6
bcjg-bbeg 2
bgbc-bbeg 2
1147
2
ghj-bbeh 1
eg-bbeh 8
1148
2
gej-bbei 6
eif-bbei 3
1149
3
fci-bbej 2
bcbb-bbej 6
fja-bbej 2
1150
2
jf-bbfa 1
bacc-bbfa 8
1151
5
fgd-bbfb 1
bbgg-bbfb 6
baji-bbfb 1
ghj-bbfb 1
bdah-bbfb 2
1152
2
ibh-bbfc 8
bfej-bbfc 1
1153
4
eaa-bbfd 2
ebc-bbfd 1
bdcj-bbfd 6
bdje-bbfd 1
1154
2
chg-bbfe 1
bbgi-bbfe 8
1155
6
fcc-bbff 4
jig-bbff 1
dbh-bbff 1
ihi-bbff 2
bdjd-bbff 4
hg-bbff 1
1156
4
fea-bbfg 1
eee-bbfg 1
bcjh-bbfg 1
bfee-bbfg 7
1157
3
efd-bbfh 1
gec-bbfh 1
bbjg-bbfh 8
1158
3
bbej-bbfi 6
bace-bbfi 1
bfhb-bbfi 3
1159
4
babh-bbfj 1
cbc-bbfj 3
ifc-bbfj 5
cje-bbfj 1
1160
2
jbc-bbga 7
eji-bbga 2
1161
4
iic-bbgb 1
jff-bbgb 1
hi-bbgb 6
hgd-bbgb 2
1162
1
bafa-bbgc 8
1163
1
bgag-bbgd 8
1164
4
ddd-bbge 2
eb-bbge 1
bbff-bbge 6
ihg-bbge 1
1165
1
fcj-bbgf 8
1166
4
bcde-bbgg 2
bdai-bbgg 5
ca-bbgg 1
gfh-bbgg 2
1167
1
bbei-bbgh 8
1168
4
jab-bbgi 1
bdgi-bbgi 1
bfi-bbgi 3
jgi-bbgi 5
1169
4
bbcj-bbgj 3
hjc-bbgj 1
eah-bbgj 3
bejh-bbgj 3
1170
2
fbe-bbha 1
begi-bbha 8
1171
2
djd-bbhb 1
iec-bbhb 8
1172
3
jdi-bbhc 1
cbh-bbhc 8
bca-bbhc 1
1173
4
ece-bbhd 2
bced-bbhd 2
j-bbhd 2
bdb-bbhd 5
1174
4
fh-bbhe 1
gfe-bbhe 1
bbgb-bbhe 7
id-bbhe 1
1175
3
dia-bbhf 8
baif-bbhf 1
bfec-bbhf 1
1177
2
bcjf-bbhh 1
beee-bbhh 8
1178
2
hgi-bbhi 6
bfge-bbhi 3
1179
1
c-bbhj 8
1180
3
ij-bbia 3
ei-bbia 3
edb-bbia 3
1181
1
bdi-bbib 8
1182
2
iab-bbic 8
befc-bbic 1
1183
1
bbdd-bbid 8
1184
3
def-bbie 5
dee-bbie 4
bbhj-bbie 1
1185
2
bij-bbif 1
dcj-bbif 8
1186
1
cig-bbig 8
1187
2
bfd-bbih 1
gc-bbih 8
1188
2
jhc-bbii 1
bfgf-bbii 8
1189
3
beci-bbij 1
bbdf-bbij 8
cdd-bbij 1
1190
2
bacb-bbja 1
fec-bbja 8
1191
2
gje-bbjb 2
ffj-bbjb 7
1192
3
bbha-bbjc 1
bhc-bbjc 1
ii-bbjc 8
1193
1
jig-bbjd 8
1194
1
cbd-bbje 8
1195
4
dji-bbjf 1
fcj-bbjf 1
jbg-bbjf 4
haj-bbjf 4
1196
3
hjb-bbjg 1
bagj-bbjg 6
bbfe-bbjg 3
1197
2
jih-bbjh 1
bcjb-bbjh 8
1198
3
bch-bbji 4
hhi-bbji 2
ijh-bbji 4
1199
1
cig-bbjj 8
1200
2
bbie-bcaa 3
bgb-bcaa 6
1201
4
jjj-bcab 2
dfi-bcab 2
bchi-bcab 1
gce-bcab 5
1202
3
fa-bcac 6
hac-bcac 3
had-bcac 1
1203
3
hcd-bcad 1
bdf-bcad 3
bgcb-bcad 6
1204
2
ibg-bcae 5
bdaj-bcae 4
1205
3
jh-bcaf 1
bbha-bcaf 3
bcda-bcaf 6
1206
2
babb-bcag 1
bgch-bcag 8
1207
1
eed-bcah 8
1208
1
bbcj-bcai 8
1209
1
bbji-bcaj 8
1210
2
ejb-bcba 5
gfc-bcba 4
1211
3
hag-bcbb 1
bdbj-bcbb 5
die-bcbb 4
1212
5
bbai-bcbc 1
bcij-bcbc 1
dbe-bcbc 4
bafj-bcbc 4
ef-bcbc 1
1213
1
baca-bcbd 8
1214
2
gda-bcbe 5
bdd-bcbe 4
1215
2
igc-bcbf 2
bged-bcbf 7
1216
3
iea-bcbg 7
behc-bcbg 2
dbh-bcbg 1
1217
1
bhg-bcbh 8
1218
3
jcf-bcbi 1
jdd-bcbi 7
bfcf-bcbi 1
1219
3
hgc-bcbj 2
bcch-bcbj 2
hjj-bcbj 6
1220
4
fb-bcca 1
bdhj-bcca 1
jfe-bcca 8
behj-bcca 1
1221
3
bcag-bccb 1
egb-bccb 4
cid-bccb 5
1222
1
edj-bccc 8
1223
3
ced-bccd 1
behg-bccd 2
bfed-bccd 6
1224
2
eci-bcce 7
iib-bcce 2
1225
2
bajb-bccf 4
bfhd-bccf 5
1226
2
badf-bccg 5
begg-bccg 4
1227
1
hjg-bcch 8
1228
2
hjd-bcci 8
bcae-bcci 1
1229
6
hci-bccj 3
dci-bccj 1
cfg-bccj 1
bdeb-bccj 1
gbe-bccj 4
bg-bccj 1
1230
3
dh-bcda 7
beii-bcda 1
ijd-bcda 1
1231
3
baci-bcdb 1
bddd-bcdb 1
bbeb-bcdb 8
1232
4
ghb-bcdc 1
bfga-bcdc 1
bcj-bcdc 1
bccd-bcdc 7
1233
3
bbfh-bcdd 1
bagh-bcdd 7
bdid-bcdd 2
1234
5
gic-bcde 2
cba-bcde 1
baji-bcde 4
bcha-bcde 1
beje-bcde 3
1235
1
bbef-bcdf 8
1236
3
jje-bcdg 3
chc-bcdg 2
hjc-bcdg 5
1237
2
faf-bcdh 2
bchf-bcdh 7
1238
3
cfg-bcdi 6
becb-bcdi 1
hee-bcdi 3
1239
1
fdb-bcdj 8
1240
1
becb-bcea 8
1241
2
idj-bceb 8
bfcf-bceb 1
1242
1
dgj-bcec 8
1243
1
bcjd-bced 8
1244
6
gdf-bcee 1
ejh-bcee 1
bdca-bcee 1
bdja-bcee 4
ffd-bcee 2
iai-bcee 2
1245
2
fbj-bcef 8
fbb-bcef 1
1246
1
cca-bceg 8
1247
4
bge-bceh 1
bbdf-bceh 3
bdae-bceh 6
fab-bceh 1
1248
1
bci-bcei 8
1249
3
jfh-bcej 7
ef-bcej 1
gif-bcej 2
1250
2
djh-bcfa 1
jfh-bcfa 8
1252
2
jbj-bcfc 1
cig-bcfc 8
1253
3
jeh-bcfd 1
beie-bcfd 1
idg-bcfd 8
1254
1
jh-bcfe 8
1255
4
ddd-bcff 1
hfh-bcff 1
iie-bcff 1
begg-bcff 7
1256
2
fjj-bcfg 7
bcje-bcfg 2
1257
1
egd-bcfh 8
1258
1
ihe-bcfi 8
1259
4
jii-bcfj 1
cig-bcfj 1
bchb-bcfj 6
ibc-bcfj 2
1260
1
ghc-bcga 8
1261
2
eai-bcgb 3
jae-bcgb 6
1262
2
bahc-bcgc 1
beih-bcgc 8
1263
1
gba-bcgd 8
1264
3
baih-bcge 6
bddi-bcge 1
bgh-bcge 2
1265
1
bbga-bcgf 8
1266
2
beej-bcgg 1
bfhf-bcgg 8
1267
2
cbj-bcgh 2
bdjg-bcgh 7
1268
4
bfh-bcgi 1
hce-bcgi 5
bge-bcgi 1
fca-bcgi 4
1269
3
bdbg-bcgj 4
beae-bcgj 4
bfci-bcgj 1
1270
2
dgg-bcha 5
deh-bcha 4
1271
2
hhd-bchb 1
bdfj-bchb 8
1272
2
bdb-bchc 3
cej-bchc 6
1273
2
jbd-bchd 7
bdaf-bchd 2
1274
2
gcd-bche 1
becg-bche 7
1275
2
hdj-bchf 3
bfag-bchf 6
1276
4
hhj-bchg 1
hga-bchg 1
idc-bchg 1
bebi-bchg 6
1277
5
cjb-bchh 1
bcjb-bchh 1
bcjj-bchh 7
bbij-bchh 1
hhi-bchh 1
1278
2
bcdj-bchi 4
ifh-bchi 5
1279
1
jcd-bchj 8
1280
5
hid-bcia 1
hhg-bcia 1
ibc-bcia 1
baid-bcia 1
bgec-bcia 6
1281
4
bdcc-bcib 1
bje-bcib 3
bfgd-bcib 5
dde-bcib 1
1283
1
bede-bcid 8
1284
3
bbgh-bcie 2
bebd-bcie 1
eic-bcie 7
1285
2
jhh-bcif 4
bdjb-bcif 4
1286
1
fae-bcig 8
1287
1
cae-bcih 8
1288
3
cga-bcii 5
bafh-bcii 2
jeh-bcii 3
1289
1
ebd-bcij 8
1290
3
ica-bcja 1
hhd-bcja 4
bbfi-bcja 4
1291
2
bcaa-bcjb 2
dba-bcjb 7
1292
2
bbdg-bcjc 3
bbaf-bcjc 6
1293
1
hdf-bcjd 8
1294
1
bbfh-bcje 8
1295
4
dde-bcjf 3
fda-bcjf 1
bdjc-bcjf 5
bedc-bcjf 2
1296
2
jce-bcjg 2
eii-bcjg 7
1297
1
dch-bcjh 8
1298
2
ida-bcji 8
dg-bcji 1
1299
2
fig-bcjj 7
bfgi-bcjj 2
1300
3
eba-bdaa 1
gcj-bdaa 2
edh-bdaa 7
1301
2
iji-bdab 5
bdib-bdab 4
1302
2
gba-bdac 4
cgb-bdac 5
1303
3
dja-bdad 4
ch-bdad 4
jdi-bdad 2
1304
2
bbif-bdae 7
bahi-bdae 2
1305
1
ga-bdaf 8
1306
1
badg-bdag 8
1307
2
ibd-bdah 6
beeg-bdah 3
1308
2
bajh-bdai 6
baij-bdai 3
1309
2
je-bdaj 7
hed-bdaj 2
1310
1
bbch-bdba 8
1311
1
jeh-bdbb 8
1312
1
bcgf-bdbc 8
1314
1
hh-bdbe 8
1315
1
hf-bdbf 8
1316
3
hdj-bdbg 3
ddc-bdbg 4
bfii-bdbg 3
1317
1
jhg-bdbh 8
1318
2
dbc-bdbi 7
bfbc-bdbi 2
1319
4
bbci-bdbj 2
jfa-bdbj 5
dhe-bdbj 1
gid-bdbj 2
1320
1
fej-bdca 8
1321
2
cii-bdcb 2
ibj-bdcb 7
1322
2
iig-bdcc 1
bdhf-bdcc 8
1323
2
bbcb-bdcd 5
bdgd-bdcd 4
1324
1
jfc-bdce 8
1325
1
faa-bdcf 8
1326
1
bce-bdcg 8
1327
2
hgc-bdch 5
cac-bdch 4
1328
2
efh-bdci 7
ci-bdci 2
1329
2
feb-bdcj 3
jjc-bdcj 6
1330
2
efh-bdda 8
bebj-bdda 1
1331
1
bbbg-bddb 8
1333
2
bcbf-bddd 6
daa-bddd 3
1334
2
jif-bdde 7
bid-bdde 2
1335
3
gig-bddf 1
bbbg-bddf 5
bbcc-bddf 3
1336
1
badj-bddg 8
1337
1
bffa-bddh 8
1338
1
fjg-bddi 8
1339
3
bcaf-bddj 4
bj-bddj 1
bbbe-bddj 4
1340
1
dc-bdea 8
1341
2
jaf-bdeb 7
bdif-bdeb 2
1342
4
ida-bdec 1
cca-bdec 1
bfeg-bdec 1
bfaf-bdec 8
1343
2
bbbi-bded 1
befd-bded 8
1344
3
bcie-bdee 2
gii-bdee 7
cgc-bdee 1
1345
2
hbe-bdef 7
bbeg-bdef 2
1346
3
hdh-bdeg 6
iai-bdeg 2
bgfb-bdeg 2
1347
2
cfc-bdeh 6
ecj-bdeh 3
1348
1
bccd-bdei 8
1349
2
jag-bdej 5
bfaa-bdej 4
1350
3
jjf-bdfa 1
hdb-bdfa 7
bje-bdfa 2
1351
2
icf-bdfb 1
ijg-bdfb 8
1352
1
hdc-bdfc 8
1353
2
bec-bdfd 7
efb-bdfd 2
1354
2
gdf-bdfe 5
bfeg-bdfe 4
1355
1
jga-bdff 8
1356
2
bib-bdfg 1
bdic-bdfg 8
1357
2
bacc-bdfh 5
bege-bdfh 4
1358
2
jcf-bdfi 1
becc-bdfi 8
1359
3
bbjf-bdfj 2
cdf-bdfj 1
hae-bdfj 7
1360
4
ihf-bdga 3
begc-bdga 1
ehh-bdga 2
bafa-bdga 4
1361
3
hig-bdgb 1
fca-bdgb 1
bead-bdgb 8
1362
2
bcbd-bdgc 1
eba-bdgc 8
1363
2
gga-bdgd 1
gbc-bdgd 8
1364
1
baej-bdge 8
1365
3
gdb-bdgf 1
bfbe-bdgf 7
fcc-bdgf 2
1366
1
fbh-bdgg 8
1367
2
ghj-bdgh 7
eea-bdgh 2
1368
2
bdj-bdgi 6
bdjb-bdgi 3
1369
2
hhh-bdgj 2
bgdi-bdgj 7
1370
3
gfj-bdha 2
daj-bdha 1
behi-bdha 7
1371
2
hbh-bdhb 8
haf-bdhb 1
1372
2
jei-bdhc 1
bahg-bdhc 8
1373
2
bcbg-bdhd 6
bae-bdhd 3
1374
4
bagb-bdhe 6
jjj-bdhe 2
baia-bdhe 1
ecc-bdhe 1
1375
2
bcdh-bdhf 1
bfae-bdhf 8
1376
1
efd-bdhg 8
1377
1
bdfd-bdhh 8
1378
3
ihe-bdhi 1
ccf-bdhi 7
hb-bdhi 1
1379
1
iah-bdhj 8
1380
2
jgg-bdia 6
bgff-bdia 3
1381
1
bcfi-bdib 8
1382
1
hhg-bdic 8
1383
1
beh-bdid 8
1384
1
igc-bdie 8
1385
2
fgc-bdif 4
f-bdif 5
1386
2
bajc-bdig 1
bdge-bdig 8
1387
1
ijf-bdih 8
1388
2
cch-bdii 8
fbg-bdii 1
1389
1
fbg-bdij 8
1390
2
bbhb-bdja 8
bdeb-bdja 1
1391
1
bchd-bdjb 8
1392
2
ifh-bdjc 4
bfbb-bdjc 5
1393
1
eca-bdjd 8
1394
3
bacj-bdje 8
cge-bdje 1
bbjb-bdje 1
1395
1
jig-bdjf 8
1396
1
bdef-bdjg 8
1397
2
baj-bdjh 3
bfdf-bdjh 6
1398
2
bej-bdji 1
egb-bdji 8
1399
2
cb-bdjj 1
bccf-bdjj 8
1400
2
bcfj-beaa 7
eeb-beaa 2
1401
2
baai-beab 7
bdde-beab 1
1403
2
bib-bead 8
bafg-bead 1
1404
1
bdch-beae 8
1405
1
geb-beaf 8
1406
1
cci-beag 8
1407
3
jie-beah 1
bche-beah 1
bgfc-beah 7
1408
1
ida-beai 8
1409
2
bcea-beaj 1
dea-beaj 8
1410
3
bbf-beba 7
bbcb-beba 1
bfg-beba 1
1411
1
bgf-bebb 8
1412
1
bbah-bebc 8
1413
2
babc-bebd 1
bejj-bebd 8
1414
1
bccd-bebe 8
1415
2
bbfj-bebf 7
ghb-bebf 2
1416
1
idj-bebg 8
1417
2
bbgc-bebh 2
dag-bebh 7
1418
1
fad-bebi 8
1419
1
bbec-bebj 8
1420
2
ddg-beca 6
jjf-beca 3
1421
3
jed-becb 1
bcg-becb 3
bfbj-becb 6
1422
2
bcc-becc 1
haf-becc 8
1423
2
fba-becd 2
bbii-becd 6
1424
1
fii-bece 8
1425
2
hce-becf 7
fed-becf 2
1426
1
bagi-becg 8
1427
1
dfj-bech 8
1428
1
bbgj-beci 8
1429
2
bdbi-becj 3
hec-becj 6
1430
3
bc-beda 1
bfhh-beda 2
cbd-beda 6
1431
1
bebd-bedb 8
1432
2
baic-bedc 4
bfaj-bedc 5
1433
1
ceg-bedd 8
1434
2
bbda-bede 8
hf-bede 1
1435
2
ebh-bedf 8
djf-bedf 1
1436
2
gfg-bedg 1
jbg-bedg 8
1437
2
baha-bedh 4
bgai-bedh 5
1438
2
iib-bedi 8
bfba-bedi 1
1439
1
igd-bedj 8
1441
2
hcf-beeb 8
bbee-beeb 1
1442
1
jba-beec 8
1443
3
dgj-beed 1
becd-beed 6
bfih-beed 3
1444
2
hhc-beee 1
eff-beee 8
1445
2
hhf-beef 2
icf-beef 7
1446
3
he-beeg 1
bdeb-beeg 8
befc-beeg 1
1447
1
bdgc-beeh 8
1448
1
bdcg-beei 8
1449
1
cge-beej 8
1450
2
cbc-befa 8
ebe-befa 1
1451
1
babd-befb 8
1452
1
bchf-befc 8
1453
3
iia-befd 3
chj-befd 2
dci-befd 4
1454
1
fif-befe 8
1455
2
hc-beff 1
fid-beff 8
1456
1
bah-befg 8
1457
1
heh-befh 8
1458
1
bahf-befi 8
1459
1
bdgc-befj 8
1460
1
gca-bega 8
1461
1
iie-begb 8
1462
2
ghf-begc 2
bgad-begc 7
1463
1
bdgi-begd 8
1464
2
babb-bege 6
bdci-bege 3
1465
1
dfc-begf 8
1466
2
ifb-begg 6
bfai-begg 3
1467
1
eac-begh 8
1468
1
cff-begi 8
1469
2
bbfb-begj 8
eef-begj 1
1470
3
bebd-beha 1
hcj-beha 4
cji-beha 5
1471
1
bfdh-behb 8
1472
1
ifa-behc 8
1473
1
eda-behd 8
1474
3
baja-behe 3
ihd-behe 1
bgaa-behe 5
1475
1
hdf-behf 8
1476
1
iei-behg 8
1477
1
bcgg-behh 8
1478
2
bjh-behi 2
bgde-behi 7
1479
3
dcd-behj 2
ihb-behj 1
dbd-behj 6
1480
1
ffd-beia 8
1481
1
bdaj-beib 8
1482
3
bbb-beic 1
ec-beic 2
dg-beic 6
1483
2
bdje-beid 2
iai-beid 7
1484
1
cgc-beie 8
1485
3
hfb-beif 1
cii-beif 1
gab-beif 8
1486
2
bedd-beig 7
baf-beig 2
1487
2
dcc-beih 2
ijd-beih 7
1488
1
cbe-beii 8
1489
2
che-beij 1
bah-beij 8
1490
1
cid-beja 8
1491
1
bace-bejb 8
1493
1
badc-bejd 8
1494
1
baag-beje 8
1495
1
jhi-bejf 8
1496
2
cha-bejg 2
bcag-bejg 6
1497
1
bdaa-bejh 8
1498
2
ifa-beji 6
dcf-beji 2
1499
1
cdg-bejj 8
1500
2
bhf-bfaa 3
ccd-bfaa 6
1501
1
fbi-bfab 8
1503
1
jhc-bfad 8
1504
3
ecc-bfae 6
bfah-bfae 3
bai-bfae 1
1505
2
hbb-bfaf 1
bedh-bfaf 8
1506
2
jai-bfag 8
bdad-bfag 1
1507
1
jbf-bfah 8
1508
1
bcaj-bfai 8
1509
1
bcjd-bfaj 8
1510
1
bdgg-bfba 8
1511
1
hda-bfbb 8
1512
1
ijd-bfbc 8
1513
3
fia-bfbd 3
bbjd-bfbd 1
dcg-bfbd 5
1514
1
behh-bfbe 8
1515
2
efe-bfbf 5
bdga-bfbf 4
1516
1
hih-bfbg 8
1518
1
jjc-bfbi 8
1519
1
beif-bfbj 8
1520
1
ghc-bfca 8
1521
3
bbba-bfcb 4
gfa-bfcb 1
gaj-bfcb 5
1522
1
gga-bfcc 8
1523
3
ggc-bfcd 1
bdbj-bfcd 7
bcdc-bfcd 2
1524
1
jh-bfce 8
1525
1
bca-bfcf 8
1526
3
cjc-bfcg 3
bfgg-bfcg 1
bgdj-bfcg 6
1527
1
bafe-bfch 8
1528
1
fjb-bfci 8
1529
2
dif-bfcj 2
gh-bfcj 7
1530
2
baai-bfda 8
bgce-bfda 1
1531
1
iih-bfdb 8
1532
1
bfbc-bfdc 8
1533
1
bcgh-bfdd 8
1534
1
jgf-bfde 8
1535
1
ddf-bfdf 8
1536
1
bdfi-bfdg 8
1537
1
bdec-bfdh 8
1538
2
ihc-bfdi 1
fgc-bfdi 8
1539
2
bddd-bfdj 8
dgg-bfdj 1
1540
1
jdg-bfea 8
1541
1
ggf-bfeb 8
1542
2
bdge-bfec 1
edg-bfec 7
1543
2
iia-bfed 8
iea-bfed 1
1544
2
dae-bfee 5
fhi-bfee 4
1545
4
ied-bfef 6
bgaf-bfef 1
faa-bfef 1
bgda-bfef 1
1546
1
dfb-bfeg 8
1547
1
fdc-bfeh 8
1548
1
cbf-bfei 8
1549
1
bdia-bfej 8
1550
1
iab-bffa 8
1551
1
bda-bffb 8
1552
1
iai-bffc 8
1553
1
egi-bffd 8
1554
1
jai-bffe 8
1555
1
becg-bfff 8
1556
1
gci-bffg 8
1557
1
ghi-bffh 8
1558
1
ed-bffi 8
1559
1
eda-bffj 8
1560
2
dcg-bfga 5
bfj-bfga 4
1561
2
beif-bfgb 7
bcfj-bfgb 2
1562
1
bdac-bfgc 8
1563
1
ihj-bfgd 8
1564
1
chj-bfge 8
1565
2
eig-bfgf 1
bgga-bfgf 8
1566
1
ec-bfgg 8
1567
1
bbie-bfgh 8
1568
3
fea-bfgi 1
bgee-bfgi 1
bgej-bfgi 8
1570
1
cga-bfha 8
1571
1
bhg-bfhb 8
1572
1
dgd-bfhc 8
1573
1
bdgb-bfhd 8
1574
1
bfi-bfhe 8
1575
2
jjj-bfhf 8
ded-bfhf 1
1576
2
ibi-bfhg 2
bfhi-bfhg 7
1577
1
ibh-bfhh 8
1578
1
ice-bfhi 8
1579
2
gih-bfhj 2
bejj-bfhj 7
1580
1
df-bfia 8
1581
1
bdca-bfib 8
1582
2
igc-bfic 5
bgfg-bfic 4
1583
1
hfa-bfid 8
1584
1
ceh-bfie 8
1585
2
dfi-bfif 8
caa-bfif 1
1587
1
cif-bfih 8
1588
2
edc-bfii 2
hjg-bfii 7
1589
1
gih-bfij 8
1590
1
bie-bfja 8
1591
1
icj-bfjb 8
1592
1
bej-bfjc 8
1593
1
bajd-bfjd 8
1594
1
bfba-bfje 8
1595
1
cdg-bfjf 8
1596
1
bdej-bfjg 8
1597
1
bcga-bfjh 8
1598
1
bebd-bfji 8
1599
1
hhg-bfjj 8
1600
1
bcdd-bgaa 8
1601
1
fga-bgab 8
1602
1
babg-bgac 8
1603
1
bdba-bgad 8
1604
1
bajd-bgae 8
1605
1
beab-bgaf 8
1606
1
bed-bgag 8
1607
1
bdhi-bgah 8
1608
1
baji-bgai 8
1609
1
egb-bgaj 8
1610
1
ddd-bgba 8
1611
1
dib-bgbb 8
1612
1
bba-bgbc 8
1613
2
bfb-bgbd 2
bfje-bgbd 6
1614
1
bfhe-bgbe 8
1615
1
bbfa-bgbf 8
1616
1
dff-bgbg 8
1617
2
ece-bgbh 3
bgfh-bgbh 6
1618
1
bfjc-bgbi 8
1619
1
cbj-bgbj 8
1620
1
hjh-bgca 8
1621
1
icd-bgcb 8
1622
2
dga-bgcc 8
bdbe-bgcc 1
1624
1
bacd-bgce 8
1625
1
cib-bgcf 8
1626
1
cba-bgcg 8
1627
1
cga-bgch 8
1628
2
hje-bgci 7
bda-bgci 2
1629
1
beeg-bgcj 8
1630
1
bcai-bgda 8
1631
1
jdd-bgdb 8
1632
1
gbb-bgdc 8
1633
3
bhf-bgdd 1
ede-bgdd 8
bffd-bgdd 1
1634
1
beic-bgde 8
1635
1
bbia-bgdf 8
1636
1
baf-bgdg 8
1637
1
hhh-bgdh 8
1638
2
jdi-bgdi 2
bach-bgdi 7
1639
1
jdb-bgdj 8
1640
1
bcia-bgea 8
1641
1
ega-bgeb 8
1642
2
bacg-bgec 4
djd-bgec 5
1643
1
behi-bged 8
1644
1
hjf-bgee 8
1645
1
fed-bgef 8
1646
1
baca-bgeg 8
1647
1
bece-bgeh 8
1648
1
bgca-bgei 8
1649
1
jej-bgej 8
1650
1
bddj-bgfa 8
1651
1
bhh-bgfb 8
1652
1
bfjg-bgfc 8
1653
2
gif-bgfd 8
ddb-bgfd 1
1654
1
bfcf-bgfe 8
1655
1
bcgh-bgff 8
1656
1
bce-bgfg 8
1657
1
bgbi-bgfh 8
1658
1
bie-bgfi 8
1659
1
eef-bgfj 8
1660
1
bdhi-bgga 8
1661
1
bdhg-bggb 8
