160
4 28 190 196 197 
4 93 97 252 333 
4 35 420 423 441 
4 47 286 326 369 
4 33 165 300 482 
4 12 256 299 421 
4 1 279 306 322 
4 14 21 315 330 
4 7 154 414 454 
4 17 86 352 492 
4 189 212 334 358 
4 64 141 319 337 
4 72 73 266 301 
4 120 170 182 213 
4 11 156 158 410 
4 443 462 484 495 
4 111 113 261 463 
4 108 264 434 451 
4 210 234 350 448 
4 0 38 221 452 
4 52 166 371 475 
4 310 329 376 486 
4 48 155 208 298 
4 147 445 498 499 
4 175 193 199 455 
4 181 187 288 473 
4 324 356 360 367 
4 311 320 385 387 
4 292 396 405 409 
4 219 277 419 430 
4 258 271 273 433 
4 236 240 249 439 
4 20 60 61 231 
4 5 15 19 34 
4 18 89 203 294 
4 214 218 302 459 
4 71 105 412 431 
4 201 225 403 467 
4 65 192 328 400 
4 188 263 268 399 
4 91 242 429 438 
4 31 276 278 427 
4 24 283 442 444 
4 23 90 424 447 
4 99 230 235 449 
4 162 407 422 437 
4 139 345 384 392 
4 121 163 348 364 
4 159 351 362 391 
4 8 123 353 388 
4 3 6 55 149 
4 117 180 336 472 
4 10 13 177 474 
4 375 394 397 497 
4 274 359 372 378 
4 50 81 269 285 
4 45 361 373 379 
4 280 284 365 432 
4 46 282 363 425 
4 59 70 332 377 
3 325 339 401 
3 41 66 254 
3 69 341 395 
3 40 129 411 
3 54 307 347 
3 76 304 390 
3 36 78 295 
3 32 56 79 
3 44 80 289 
3 152 153 207 
3 106 151 198 
3 148 200 204 
3 16 104 107 
3 144 460 461 
3 128 217 490 
3 109 195 468 
3 112 124 160 
3 114 115 186 
3 116 164 185 
3 119 172 174 
3 92 95 446 
3 25 244 247 
3 26 138 251 
3 136 245 494 
3 27 132 259 
3 29 267 450 
3 100 101 226 
3 22 237 453 
3 233 386 479 
3 382 480 481 
3 9 491 496 
3 389 483 493 
3 2 4 383 
3 380 381 489 
3 485 487 488 
3 39 415 456 
3 416 417 418 
3 37 457 458 
3 413 426 440 
3 314 428 436 
3 30 402 435 
3 43 477 478 
3 398 471 476 
3 393 469 470 
3 42 404 406 
3 408 465 466 
3 110 227 464 
3 194 202 205 
3 206 209 211 
3 102 103 215 
3 216 220 222 
3 191 223 224 
3 228 229 232 
3 96 98 238 
3 239 241 243 
3 94 246 248 
3 125 250 253 
3 130 131 133 
3 134 135 137 
3 140 142 143 
2 145 146 
2 127 150 
2 126 255 
2 157 161 
2 122 167 
2 168 169 
2 171 173 
2 118 176 
2 178 179 
2 183 184 
2 317 342 
2 68 318 
2 67 321 
2 63 323 
2 62 327 
2 331 335 
2 58 338 
2 316 340 
2 343 344 
2 346 349 
2 57 354 
2 355 357 
2 53 366 
2 51 368 
2 49 370 
2 257 287 
2 260 262 
2 88 265 
2 87 270 
2 85 272 
2 84 275 
2 82 83 
2 281 374 
2 290 291 
2 293 296 
2 77 297 
2 75 303 
2 74 305 
2 308 309 
2 312 313 
