1628
4 1591 2045 5163 9946 
4 1724 2726 6547 9063 
4 1418 4076 5777 6882 
4 2060 5904 7725 8193 
4 2342 3337 4619 6611 
4 850 1568 6178 8767 
4 992 2652 3689 9106 
4 2340 4402 5172 9119 
4 1433 2544 3155 8644 
4 4490 4638 4912 9966 
4 3672 4995 6558 9747 
4 1621 2085 2642 3170 
4 586 2749 3648 3775 
4 120 201 5729 9344 
4 3757 7451 8626 9576 
4 3542 6038 6534 6913 
4 3781 7494 7851 8601 
4 2828 3257 4139 5686 
4 6571 7148 7643 8478 
4 4550 5931 8138 8397 
4 774 6567 7464 7545 
4 2628 3889 5156 7814 
4 403 1763 2323 9542 
4 2870 3593 8186 9302 
4 328 676 4244 6134 
4 2795 2862 4150 7862 
4 3112 3475 4058 6537 
4 2308 3376 9275 9713 
4 18 2300 8997 9151 
4 4959 6927 7079 8865 
4 58 6467 8187 9559 
4 1383 2036 2213 2814 
4 4390 5081 5366 8267 
4 4044 8233 8242 9900 
4 3708 3869 7316 8115 
4 3451 3840 4480 8259 
4 1711 5609 8506 9528 
4 6147 7166 7445 7703 
4 5845 6171 7673 8616 
4 446 778 2123 8849 
4 1160 3842 9320 9873 
4 1049 2305 8079 9243 
4 11 1839 1936 2267 
4 2160 3583 5540 8094 
4 2243 3526 4837 5096 
4 654 2313 3126 8430 
4 245 1136 8101 9605 
4 2023 6050 6123 8167 
4 333 1552 6359 9514 
4 3913 5359 7267 7944 
4 1509 4284 5136 5324 
4 2985 3950 7726 8509 
4 7385 7953 8286 9921 
4 687 4551 5854 8036 
4 2944 4902 6777 9374 
4 2282 6300 6580 7008 
4 373 2535 2920 5209 
4 706 1767 6842 7522 
4 3745 4498 8367 9784 
4 1231 3106 3899 6481 
4 1845 3632 7466 9289 
4 65 1427 2817 3618 
4 2674 3253 7922 9340 
4 5665 6060 8348 9856 
4 177 2203 6985 8701 
4 2718 4690 5600 7026 
4 6989 7700 9283 9722 
4 463 5622 9732 9942 
4 593 2994 3002 7756 
4 1359 4151 7920 8026 
4 3083 5919 8346 9111 
4 2572 4965 6638 8563 
4 2941 6582 8047 9691 
4 1096 4516 7050 8697 
4 780 1357 1996 8721 
4 1817 7212 8834 9649 
4 2619 3229 6313 8253 
4 745 6329 9252 9778 
4 522 1085 2364 2571 
4 1336 1372 4137 9366 
4 3485 4951 5962 7209 
4 103 3356 6363 9443 
4 2802 6316 8839 9779 
4 717 1861 2009 4582 
4 251 565 2112 4352 
4 709 6602 8477 9751 
4 67 3368 4351 6477 
4 2351 2647 6426 8811 
4 5891 5909 7119 9123 
4 2905 6994 8199 9365 
4 645 3443 9124 9154 
4 6 257 4259 7629 
4 214 1340 3089 5793 
4 1976 2536 5492 7981 
4 171 7671 8614 8751 
4 1202 4884 6415 9325 
4 332 1510 1787 7330 
4 2095 3379 9546 9585 
4 1701 4134 4357 8947 
4 4293 4477 7489 7911 
4 1344 2162 9629 9806 
4 60 3062 3214 3496 
4 2957 3308 5239 5593 
4 1820 8200 8501 9363 
4 1001 4867 6666 9968 
4 188 4557 5544 8923 
4 5149 8163 8529 8835 
4 5330 6914 9511 9930 
4 750 877 1717 9974 
4 1975 5518 6956 8003 
4 1740 4222 5244 5733 
4 5236 6342 7934 8779 
4 1505 5332 6297 7057 
4 1351 4711 5991 7391 
4 1800 2776 8658 9545 
4 321 1564 4977 8651 
4 2575 4727 7613 7677 
4 296 924 1883 9166 
4 1364 3730 6188 8431 
4 4331 4696 7415 7439 
4 3750 4572 5529 8040 
4 1249 2245 5970 9962 
4 3120 5758 7153 7344 
4 1747 1965 8915 9426 
4 791 1522 7210 8990 
4 3579 5028 7647 9419 
4 2509 5131 5808 8449 
4 4161 4415 4717 8168 
4 5488 5683 7699 9550 
4 1743 3473 8056 8579 
4 5835 6738 7972 9271 
4 1714 2043 5074 5728 
4 6042 7824 8418 9341 
4 2265 2573 3655 9397 
4 96 767 1061 6616 
4 902 1673 8866 9569 
4 301 6419 6627 7250 
4 55 2952 3087 6273 
4 6144 8470 8548 8607 
4 264 1200 3830 5720 
4 631 1523 3834 3845 
4 773 1178 6742 9566 
4 797 3223 4870 7524 
4 197 385 1636 8625 
4 1889 5553 9626 9853 
4 1508 3167 6410 8702 
4 2089 3306 6226 8487 
4 2809 5155 9572 9797 
4 4367 6309 8132 8659 
4 407 3978 6377 9048 
4 2055 3137 4960 6336 
4 7155 7748 8183 9250 
4 1476 3905 5375 5864 
4 1810 4600 6192 7567 
4 730 1948 5610 7436 
4 2612 3557 3673 4649 
4 2486 4524 6384 8671 
4 3791 3870 4079 9718 
4 278 1228 1998 3271 
4 4200 6058 9689 9952 
4 875 4043 4861 6769 
4 3001 6198 6747 9843 
4 2353 6028 8707 9746 
4 283 5308 8940 9265 
4 3 3857 7253 9871 
4 1429 1912 3944 5476 
4 85 1483 2912 9078 
4 5170 6010 6662 7302 
4 432 1140 3997 8172 
4 2000 3367 7412 8204 
4 7443 8297 8677 9507 
4 263 1587 1853 4706 
4 836 3278 7118 7880 
4 1040 4527 8453 9755 
4 884 915 4532 6578 
4 3028 4179 4469 7103 
4 1720 2927 6981 8683 
4 6012 6146 7095 8442 
4 4607 5203 5207 6483 
4 3885 6320 7696 7978 
4 995 3728 5849 6110 
4 513 5803 8670 9695 
4 464 2585 3022 7319 
4 634 1378 7617 8964 
4 1821 3508 6757 7618 
4 1224 4474 4565 7603 
4 1037 1253 3518 8722 
4 4617 4883 6370 8929 
4 2877 3736 7296 8932 
4 1708 3037 5174 8750 
4 1073 3877 5197 7861 
4 1681 4307 6498 9908 
4 1923 3561 4786 6444 
4 1117 1542 3362 9359 
4 2939 3248 7759 8895 
4 1684 3375 4871 5785 
4 1526 4439 8692 9464 
4 1154 1484 2627 5902 
4 2937 4038 8524 9599 
4 137 559 1116 1152 
4 520 1571 4361 7536 
4 2488 3892 7870 8328 
4 3511 4292 5278 6296 
4 4521 5462 8874 8956 
4 5823 6367 9197 9880 
4 2592 4975 7678 7823 
4 2798 3853 8466 8637 
4 3055 5341 5839 9849 
4 916 7041 7178 9769 
4 1833 3107 3544 5547 
4 1261 1361 6231 6656 
4 17 174 7463 8527 
4 970 1712 2566 9907 
4 2600 5705 6220 9425 
4 4668 5941 6577 9961 
4 56 4946 6605 6965 
4 172 5378 5441 7255 
4 1726 2185 5998 6938 
4 846 7130 7215 9984 
4 760 2368 5503 5548 
4 10 529 6389 7238 
4 145 3769 5250 9014 
4 6715 7363 8516 9350 
4 2106 3050 4604 5151 
4 688 3746 6856 8363 
4 1234 1430 1765 8931 
4 451 844 1570 5563 
4 3969 4663 4731 5446 
4 297 738 7740 9092 
4 208 923 3516 5649 
4 5271 6583 6752 8714 
4 525 1122 2716 3134 
4 1601 6205 7218 9168 
4 2766 6266 6540 9597 
4 5118 5579 6526 9741 
4 556 912 1197 6364 
4 1827 2165 5325 7778 
4 1487 6133 7624 9895 
4 164 926 1963 9121 
4 139 3540 8239 9161 
4 2407 3104 4093 7149 
4 4491 7558 8673 9450 
4 117 2007 4990 9182 
4 2221 2649 3258 6396 
4 2295 7518 8081 9214 
4 1648 2484 5948 8833 
4 1589 5017 8059 8161 
4 4230 5007 5013 9390 
4 5574 6052 6451 9594 
4 2804 7499 8650 9246 
4 3674 5899 7839 8044 
4 211 4627 5627 8824 
4 6149 7152 8198 8293 
4 3691 5875 7346 7692 
4 480 2879 4126 5056 
4 628 2309 2555 8617 
4 87 1010 2127 2848 
4 642 6680 7983 9135 
4 3276 6102 7204 8247 
4 2590 2836 6623 6721 
4 1015 1825 3932 9719 
4 656 3029 7318 9490 
4 2125 3828 6215 6645 
4 5879 7752 8653 9588 
4 2811 7151 7278 8609 
4 3608 6036 6157 8305 
4 1735 1847 2872 9776 
4 1866 1876 6731 9414 
4 289 597 900 9580 
4 178 3973 4555 8606 
4 28 5487 7954 9471 
4 206 1620 1943 5513 
4 3239 3692 4859 6256 
4 2516 3480 6193 9286 
4 2538 3677 4650 9852 
4 1159 1464 4671 8652 
4 931 1856 5824 7375 
4 1056 1393 6703 9499 
4 590 1311 8134 9382 
4 2226 5815 6685 8578 
4 3891 4170 4573 6350 
4 1632 1819 2697 6531 
4 3527 3808 4522 9276 
4 1205 4792 7764 8258 
4 1129 5559 7888 8434 
4 3132 4496 5981 6152 
4 2999 3092 5058 5061 
4 124 834 1877 6111 
4 1260 6206 6443 6741 
4 151 4054 6984 8537 
4 307 1994 2732 8468 
4 3895 4933 7105 9407 
4 7475 7875 8342 9238 
4 53 1718 8684 9637 
4 290 1874 5094 6053 
4 3573 4997 6228 7542 
4 1562 4725 7734 9799 
4 142 236 1888 2705 
4 589 1642 2190 8967 
4 2428 4611 9165 9241 
4 3980 6306 7413 7512 
4 4055 4857 9675 9748 
4 2091 4814 7777 9730 
4 1704 1884 4442 7610 
4 5371 5418 7884 9326 
4 4661 4865 8032 9714 
4 4692 6932 7361 8035 
4 253 4636 7993 9530 
4 4774 5710 6676 7219 
4 3297 6628 9602 9864 
4 2490 4592 8907 9761 
4 2020 4091 4875 6651 
4 4989 5644 6155 6849 
4 1445 2765 7286 7659 
4 2241 4703 7406 9376 
4 540 5044 5235 5794 
4 648 1282 2854 4066 
4 3558 3912 3924 4716 
4 362 735 4363 6557 
4 1837 4381 5517 7841 
4 2254 4187 7090 8123 
4 2565 3802 5035 9976 
4 3654 3839 4506 9896 
4 1440 3945 6326 7526 
4 4926 7662 8176 9523 
4 898 1595 2887 6827 
4 3553 5020 5671 7594 
4 2400 2461 4656 4904 
4 6365 7074 8423 9016 
4 1023 3531 4771 7003 
4 3567 6366 6733 9650 
4 1598 6380 7733 9922 
4 534 4089 4410 6794 
4 5916 6976 7382 8241 
4 2081 2806 3498 4064 
4 358 3422 4559 5389 
4 1339 1406 2006 5530 
4 2457 5474 6289 6673 
4 1467 4773 7037 8333 
4 1332 4412 5355 7432 
4 1723 6436 7374 9453 
4 5205 7356 8597 9220 
4 1533 2320 7683 9368 
4 404 6076 6988 9848 
4 2375 3760 5898 9988 
4 6800 7914 8861 9456 
4 147 210 1471 5336 
4 960 3906 4879 8432 
4 2783 2907 6361 8019 
4 33 489 689 1584 
4 622 1422 4495 6857 
4 1609 3718 4375 8938 
4 146 909 4720 6514 
4 5489 6778 8376 8889 
4 4478 6490 9468 9879 
4 3323 5178 7821 8715 
4 5457 7768 7943 8153 
4 3704 5551 5633 7534 
4 4639 4766 5086 8648 
4 2462 4011 6528 7818 
4 2381 7426 7785 9043 
4 2389 3145 7419 9192 
4 1021 6784 7310 8894 
4 2401 3244 9361 9684 
4 5856 5869 7249 8150 
4 2398 4452 7230 8043 
4 2874 3617 8898 9726 
4 737 3582 7530 9561 
4 7592 8845 9072 9703 
4 2260 3595 3914 6016 
4 396 3882 6340 7175 
4 1529 4026 4953 8823 
4 3352 3983 6585 7917 
4 1512 1930 2129 3299 
4 1922 4057 6208 9631 
4 150 3559 5467 8954 
4 3153 5776 5901 8299 
4 39 835 3966 6870 
4 3371 5865 7990 8425 
4 198 635 1952 5920 
4 6202 9122 9143 9222 
4 5255 8325 8679 9971 
4 5085 5380 5461 7013 
4 1090 2191 7770 8746 
4 4202 6466 7454 9429 
4 3749 3985 4907 7116 
4 1886 4467 6834 8712 
4 3075 4823 5522 5832 
4 359 6649 7596 9667 
4 512 3339 7956 9062 
4 5556 7966 8682 9549 
4 3188 5724 7010 9802 
4 32 804 947 9221 
4 1822 3564 5531 8238 
4 711 1507 2134 7480 
4 3136 4124 9183 9828 
4 4704 9091 9606 9734 
4 3129 5615 6724 7689 
4 678 1347 8519 9868 
4 3811 5896 6700 7809 
4 45 149 4887 5908 
4 2277 2924 3011 6421 
4 3428 4016 7220 7221 
4 1761 2148 4640 6184 
4 170 1100 2707 7186 
4 300 1256 2343 3322 
4 5756 6705 8276 9173 
4 4208 6243 6873 7970 
4 2167 6574 7731 7876 
4 0 3641 6160 6811 
4 1382 3991 5451 6264 
4 849 4514 5566 9096 
4 2024 6446 8196 8263 
4 313 5584 7964 8632 
4 3694 4465 5047 5164 
4 2198 3121 8562 9459 
4 611 3020 6248 9573 
4 2278 2467 6203 6637 
4 471 3724 5939 8264 
4 2672 6553 7984 9752 
4 4335 4708 6681 8517 
4 1908 4949 8752 9978 
4 5277 5954 8027 8908 
4 1047 2495 5166 6659 
4 6726 6903 6942 9891 
4 1044 1174 1199 4659 
4 2983 6596 7975 9299 
4 1157 5657 7424 9583 
4 6015 7386 9987 9996 
4 4992 6522 6648 8133 
4 2367 4215 5040 9068 
4 2875 3681 5240 5947 
4 5860 8711 8801 9328 
4 1179 4340 7425 9210 
4 1181 1569 3818 5449 
4 433 3127 3203 9633 
4 708 1411 6112 7727 
4 1106 2337 5362 6017 
4 3412 4511 5721 7384 
4 541 1593 3226 9038 
4 6719 7509 7521 8222 
4 3517 5173 5763 9836 
4 562 4790 5836 6022 
4 1668 2062 4286 8143 
4 514 1381 2702 4456 
4 1840 2506 3031 5813 
4 3563 3894 6478 7500 
4 825 1616 4419 8210 
4 5536 6246 8160 9721 
4 4052 5157 6351 8696 
4 2601 8202 8667 8864 
4 4206 5496 8828 8863 
4 204 355 2025 8413 
4 2296 7555 8336 9486 
4 1751 4958 6492 8139 
4 608 1768 2120 3105 
4 5730 6713 7877 8810 
4 889 968 1400 4359 
4 2159 4742 6275 9920 
4 3596 4188 6864 8876 
4 70 465 1409 7751 
4 4092 5872 8006 9935 
4 2329 3330 6051 9995 
4 1012 2954 5198 8977 
4 1535 2437 6280 8031 
4 530 1321 3972 9269 
4 3809 4943 7633 8919 
4 234 240 4801 6263 
4 919 955 1843 4228 
4 2578 3004 5368 6960 
4 3235 3657 9198 9418 
4 430 2033 4858 9768 
4 456 5082 5606 7614 
4 3926 7924 8215 9716 
4 2746 3311 7729 8089 
4 270 1062 5751 9600 
4 431 1640 7397 9028 
4 131 4000 6576 9187 
4 2949 6097 8454 9519 
4 372 6008 7995 9446 
4 97 500 8137 9699 
4 2786 4046 5208 6964 
4 620 978 1750 6698 
4 1939 2604 2762 9201 
4 2193 2661 9332 9767 
4 1330 3939 6161 9538 
4 1259 2632 2977 5191 
4 439 3956 6761 8447 
4 1036 2072 4796 9086 
4 1744 4534 5986 9431 
4 673 1980 6890 7170 
4 4301 6003 7663 9584 
4 136 8180 8401 9656 
4 885 2102 2772 6565 
4 1475 2514 3212 7457 
4 1519 8822 9398 9944 
4 1796 5245 6824 7407 
4 2694 4221 6835 6844 
4 2713 4798 4942 5482 
4 3590 7991 8252 9413 
4 183 2074 6352 8568 
4 24 1961 2399 6137 
4 3280 8326 8383 8435 
4 956 1318 3370 4104 
4 1649 1694 2595 4387 
4 3344 5666 6887 8859 
4 4635 6197 7895 8037 
4 86 1279 6450 6809 
4 4238 5732 5752 9075 
4 2207 3793 4502 7800 
4 3060 4777 7674 7881 
4 37 6121 9083 9855 
4 1546 1983 6302 6463 
4 2953 4783 4839 7586 
4 457 2297 2891 7461 
4 2881 5994 7471 9036 
4 3822 5897 7554 8314 
4 1538 1755 7320 7724 
4 3543 4248 4358 7410 
4 4400 8815 8900 9009 
4 3364 5168 6959 7812 
4 458 602 6963 7357 
4 487 756 4595 7362 
4 2608 4434 4596 6972 
4 7387 8766 8930 9094 
4 3951 6471 6915 9047 
4 3141 4399 5024 8093 
4 6311 7094 8353 9035 
4 335 2144 2210 7206 
4 2149 2903 4116 9137 
4 801 2596 3052 8486 
4 392 462 3347 6332 
4 1371 3021 4339 9215 
4 2028 6353 9578 9838 
4 221 1536 2610 9564 
4 2741 2956 3875 9114 
4 2785 4504 5066 6506 
4 40 1688 7850 7889 
4 2837 2859 2892 4994 
4 1678 3789 6448 6925 
4 1161 3651 5628 6127 
4 4069 6818 7078 9659 
4 2469 4982 7602 9820 
4 168 725 1453 6148 
4 802 3887 4877 6232 
4 31 4736 5233 8663 
4 2059 5181 6175 9709 
4 2412 4291 7632 7959 
4 2307 7557 8438 9651 
4 1009 7694 7859 9394 
4 842 1426 1778 8737 
4 4688 5125 8028 9993 
4 4097 5106 6229 6328 
4 739 840 2683 2685 
4 502 4488 6944 8543 
4 644 3318 9015 9540 
4 78 3012 5817 8022 
4 1959 3841 5128 8576 
4 152 639 4549 6699 
4 325 343 615 2169 
4 511 6725 7960 9223 
4 402 1220 2101 9678 
4 393 5959 8426 9595 
4 229 613 5719 6473 
4 4689 7742 8804 9489 
4 1043 4567 4787 5558 
4 1869 2950 5631 7395 
4 68 793 7423 7803 
4 4099 5422 8256 9227 
4 848 4031 5676 8950 
4 34 2388 5882 7971 
4 3743 5190 6034 8643 
4 953 1165 4855 7631 
4 2472 6315 8097 8903 
4 3123 3679 6746 7697 
4 1807 6952 7532 7994 
4 726 2242 3555 4880 
4 1377 1979 4826 7314 
4 20 1080 3903 9957 
4 305 5731 6005 6225 
4 13 252 5850 7430 
4 1270 5881 9887 9892 
4 413 1892 4969 6452 
4 640 3515 5443 7581 
4 579 3698 4723 7132 
3 467 1167 8629 
3 153 4811 5951 
3 1590 2215 3509 
3 2002 4298 8398 
3 860 2164 9274 
3 76 3396 7666 
3 2137 2669 5212 
3 1502 2304 8571 
3 4047 6357 7176 
3 477 6922 9475 
3 740 6095 6563 
3 4267 5863 7826 
3 6189 6674 7496 
3 4078 4750 6046 
3 2929 4173 9280 
3 3665 4451 6291 
3 57 5950 6479 
3 346 1549 3621 
3 2358 2527 4679 
3 395 5829 7713 
3 2629 7906 9524 
3 4554 8212 9337 
3 293 2019 3233 
3 2432 3246 4279 
3 193 4155 5146 
3 1586 5161 7951 
3 2232 2898 4245 
3 414 4246 7036 
3 1369 1953 3581 
3 649 1276 4922 
3 937 3761 8206 
3 949 6740 8456 
3 3146 3449 7252 
3 5346 8821 9830 
3 3902 4662 7565 
3 83 1416 4249 
3 5026 6544 7024 
3 2799 7804 8986 
3 6104 6210 9065 
3 5895 6244 9526 
3 568 4747 7194 
3 2531 2634 4314 
3 868 2533 9157 
3 1286 2751 3838 
3 554 1650 3261 
3 1194 3482 9234 
3 1084 2824 3161 
3 3504 4030 9313 
3 1504 4311 7197 
3 3773 5200 7743 
3 2668 3431 5714 
3 16 3263 8229 
3 4653 9105 9543 
3 7236 7813 8498 
3 1516 1793 9294 
3 3748 3806 4856 
3 23 444 2529 
3 5387 6270 6630 
3 4537 7653 8675 
3 1532 4328 8965 
3 1514 2047 9333 
3 982 3930 8440 
3 1118 3332 7963 
3 1250 1527 7490 
3 2303 4767 9458 
3 4176 5672 9496 
3 3174 5401 6664 
3 3911 9488 9810 
3 1032 8277 9635 
3 1031 4501 7018 
3 6258 6294 9692 
3 4398 4623 6828 
3 4892 4914 8201 
3 1201 2442 9958 
3 6245 6612 7150 
3 1296 1986 3316 
3 675 4841 8642 
3 6920 7559 8952 
3 1452 1891 9551 
3 4578 5237 9680 
3 3824 4001 8355 
3 2671 4713 5373 
3 2712 3125 5199 
3 1027 9085 9260 
3 2264 6510 6822 
3 3880 4935 8179 
3 2422 8654 9251 
3 499 5175 6852 
3 6430 8727 8729 
3 5059 5834 6744 
3 2143 5980 9711 
3 3513 6569 6962 
3 1606 6494 8289 
3 1618 3407 6693 
3 3747 5769 9149 
3 4144 5043 8177 
3 7761 8067 9002 
3 365 4605 7622 
3 4447 4775 5641 
3 225 3099 9022 
3 459 4164 8918 
3 4898 6093 9858 
3 858 4095 5400 
3 2328 6604 7957 
3 30 8235 8981 
3 3147 4407 8808 
3 7828 8593 8897 
3 3570 7418 9655 
3 115 5097 9272 
3 7237 8567 9611 
3 2402 4562 6846 
3 6118 9181 9624 
3 1806 6600 7600 
3 123 1951 7849 
3 185 1898 2335 
3 3547 6130 8382 
3 1058 3274 9985 
3 1110 1132 6323 
3 3355 5831 7721 
3 5098 5471 6398 
3 4482 6002 6590 
3 1865 1978 2235 
3 576 2570 4558 
3 2946 8978 9073 
3 7048 7190 8108 
3 1669 6126 6851 
3 4156 6727 6766 
3 94 8472 8756 
3 2046 5442 8393 
3 6993 8806 9927 
3 6472 6899 7868 
3 2220 8340 9771 
3 7273 7616 8753 
3 5077 7085 7127 
3 1639 2466 4840 
3 2205 7315 8388 
3 4197 4694 6078 
3 4325 4546 7665 
3 6090 6669 7247 
3 2240 2333 7899 
3 1835 5019 7693 
3 1288 5505 8372 
3 1754 3615 9613 
3 5041 5944 8572 
3 2582 7634 9338 
3 3078 6711 9745 
3 3587 5812 9859 
3 896 2591 6304 
3 473 3883 7329 
3 4489 6524 8734 
3 4804 7805 8129 
3 2216 6223 8640 
3 899 1848 2294 
3 516 2911 3506 
3 1774 4564 5323 
3 1271 2105 6774 
3 160 1266 7460 
3 1313 2234 7815 
3 5460 7275 9003 
3 1192 2549 5621 
3 1137 2730 5800 
3 3265 3884 5613 
3 22 6560 6697 
3 101 1849 5189 
3 143 3878 6671 
3 9013 9603 9948 
3 1212 5702 6990 
3 419 8573 9877 
3 3324 4172 5140 
3 3664 6356 6739 
3 3038 3439 8996 
3 5276 8021 8994 
3 2199 4308 7121 
3 2754 3281 4312 
3 6803 7491 9134 
3 1086 2237 3933 
3 2136 4746 7123 
3 1653 1699 2390 
3 906 2453 3402 
3 5171 5268 7931 
3 417 753 5134 
3 2781 6064 9744 
3 5397 7686 9261 
3 558 3097 9029 
3 4217 6063 8773 
3 2793 3578 4255 
3 3849 6581 9679 
3 4394 6023 8716 
3 796 5523 9844 
3 2016 2417 6414 
3 550 5426 8411 
3 4136 6035 7510 
3 1656 4196 8084 
3 5234 9194 9230 
3 1170 1480 3782 
3 1127 2268 5598 
3 381 1488 6595 
3 3873 4918 6831 
3 5903 6636 9008 
3 1461 2852 4599 
3 2289 4818 7117 
3 828 6132 7400 
3 2775 3491 8049 
3 159 1172 4630 
3 219 1093 2406 
3 1624 3888 8316 
3 2444 2621 3131 
3 5253 9759 9901 
3 3817 4678 7233 
3 6261 7786 8759 
3 4613 6520 8464 
3 2951 5246 8793 
3 1783 3381 8789 
3 472 6096 8166 
3 279 1814 6227 
3 3442 6517 8618 
3 893 1404 4910 
3 1985 6432 8633 
3 1665 6529 6953 
3 133 2068 5736 
3 1867 5770 6373 
3 217 2334 3965 
3 1627 7788 7903 
3 3262 7309 7684 
3 3334 4094 8539 
3 845 2731 3783 
3 2750 3300 8987 
3 218 4932 7501 
3 1836 5313 9502 
3 2065 3584 5972 
3 4487 5398 5577 
3 610 7925 7969 
3 3401 5966 9575 
3 6180 8165 9535 
3 4193 4479 5391 
3 1801 3312 3721 
3 4088 5586 9534 
3 2554 3744 5917 
3 1781 2281 2987 
3 1208 1221 2711 
3 669 3862 5132 
3 5064 7110 7388 
3 5104 6586 7898 
3 401 651 7675 
3 1184 1899 8665 
3 3927 7371 9200 
3 3539 7980 9660 
3 990 1646 2722 
3 1904 3445 6417 
3 4894 5370 6812 
3 2376 3929 9846 
3 1716 2947 8694 
3 2184 7289 7695 
3 5594 5599 9941 
3 934 3411 3947 
3 2326 4544 5481 
3 1292 3085 9770 
3 1638 2464 3076 
3 545 3124 4538 
3 89 7672 9754 
3 4529 7502 9882 
3 4981 7065 8638 
3 292 3216 4428 
3 144 5345 8525 
3 2173 3807 9156 
3 249 2087 2560 
3 827 7043 9356 
3 3017 3424 7664 
3 163 1935 8934 
3 1683 1928 6770 
3 757 4669 5511 
3 771 1299 8015 
3 1130 3521 7902 
3 977 7907 9209 
3 4628 8584 8842 
3 6259 6405 8268 
3 3115 4163 7744 
3 2835 6497 9670 
3 1120 6973 7177 
3 2050 4833 9089 
3 894 6958 7608 
3 1138 1870 2480 
3 304 930 6805 
3 2057 2463 9140 
3 3580 6307 8732 
3 1469 2022 2990 
3 5122 6068 6409 
3 207 2567 7096 
3 4553 4842 9785 
3 691 4646 5804 
3 316 4882 5429 
3 199 3610 8709 
3 618 4149 7553 
3 6331 7962 8853 
3 241 3313 9860 
3 2011 7014 7223 
3 1209 1331 3941 
3 157 288 8273 
3 7134 7274 8776 
3 356 2227 4392 
3 6301 6541 8409 
3 287 4948 8298 
3 2564 3893 9491 
3 5192 5725 9152 
3 3178 7640 8886 
3 7216 7878 9225 
3 3186 4337 7642 
3 2179 7163 8502 
3 3353 3541 5514 
3 728 6425 9179 
3 643 865 7544 
3 1227 6897 8068 
3 5206 5550 8645 
3 1652 4468 5254 
3 819 8534 9710 
3 862 5060 5718 
3 616 2418 5182 
3 1971 4714 6387 
3 1277 1958 3006 
3 1574 5329 9100 
3 2288 6213 7019 
3 4355 7229 9647 
3 108 6904 9863 
3 3753 9367 9406 
3 4789 5663 6513 
3 1841 2805 7298 
3 5578 7546 7795 
3 4226 6087 8870 
3 5612 8310 9553 
3 733 5658 8941 
3 186 867 5424 
3 425 2239 8740 
3 3425 4634 5825 
3 2563 5952 6629 
3 1495 3438 7087 
3 3536 6796 8141 
3 2841 5741 9870 
3 784 9329 9885 
3 4508 6814 9617 
3 2163 3798 4598 
3 5534 5848 9232 
3 1809 4143 7948 
3 2344 7349 9172 
3 2201 4791 8564 
3 769 2318 2435 
3 226 1615 9158 
3 378 1376 3812 
3 5958 7556 9423 
3 3208 5771 6484 
3 3712 9570 9582 
3 1661 5510 5611 
3 800 7091 9590 
3 347 348 1479 
3 1563 2689 4693 
3 2577 3209 6620 
3 719 1700 5573 
3 789 8321 9314 
3 4906 6748 7365 
3 189 1685 8309 
3 1099 4518 7333 
3 4726 6253 7799 
3 2152 7441 9862 
3 1403 4986 8103 
3 383 7434 9876 
3 4290 4403 9346 
3 128 6125 8771 
3 3917 9555 9954 
3 958 2586 5409 
3 1788 7060 8493 
3 1909 2451 6917 
3 4211 7541 7835 
3 1949 7580 8086 
3 1235 7459 9205 
3 415 441 5294 
3 633 4939 8347 
3 2470 6692 6701 
3 349 5183 7758 
3 1196 1494 5316 
3 1131 3213 4709 
3 2012 7140 9819 
3 1180 7946 8064 
3 1284 1679 6456 
3 1188 2878 4996 
3 1799 3327 8960 
3 2356 2382 8379 
3 1119 1230 3949 
3 3784 5379 6279 
3 5148 8080 8686 
3 703 8282 9323 
3 1993 2550 5343 
3 203 361 6457 
3 1868 3859 3860 
3 291 831 863 
3 509 8875 9737 
3 2035 5694 7479 
3 2498 7807 8412 
3 405 1323 1611 
3 1335 5410 5779 
3 388 2483 7669 
3 280 3821 9999 
3 4 782 8406 
3 693 1732 4621 
3 6843 7965 9372 
3 1105 3247 7507 
3 935 1818 2384 
3 6085 7753 8726 
3 268 2378 4344 
3 4632 4633 8970 
3 922 7251 8784 
3 2324 4675 9102 
3 8410 8955 8985 
3 4664 5833 9663 
3 1135 2579 2789 
3 200 1133 9807 
3 3394 5699 7307 
3 227 1111 4254 
3 4734 5051 6407 
3 1074 4330 6233 
3 1046 3787 4950 
3 258 2405 4979 
3 4107 8461 8523 
3 2086 4461 8791 
3 1553 2942 7667 
3 983 5844 9742 
3 1987 3922 6635 
3 376 1029 6500 
3 2541 5356 9636 
3 318 2311 7791 
3 2373 3639 9604 
3 2386 3389 5977 
3 662 3386 9701 
3 811 3292 9724 
3 4371 6983 9533 
3 794 2508 8164 
3 342 5005 9644 
3 9148 9557 9632 
3 7092 8731 9162 
3 4425 5177 6158 
3 741 3385 9186 
3 3199 6434 8602 
3 2410 2676 6371 
3 2715 7322 8374 
3 173 2030 3827 
3 491 7399 9717 
3 5327 5413 8491 
3 5885 8725 9773 
3 2883 7820 8872 
3 409 2825 4369 
3 872 4220 7992 
3 1534 3866 6647 
3 3819 8136 9342 
3 621 1992 6420 
3 3008 4810 7706 
3 3756 6242 6254 
3 1918 5187 5266 
3 4273 7340 7627 
3 2934 5210 5957 
3 1897 2747 4651 
3 69 148 7712 
3 5073 7069 9977 
3 1705 4323 5643 
3 821 3225 3267 
3 1206 1439 8857 
3 4435 5399 7636 
3 1329 1415 6678 
3 1063 3794 3799 
3 195 1045 1554 
3 7228 7832 9282 
3 984 1969 3935 
3 917 4978 9609 
3 3058 5853 7033 
3 652 1731 5840 
3 2427 6480 6499 
3 1610 4535 9362 
3 2166 7736 9327 
3 2172 6174 6234 
3 2503 5883 9159 
3 4356 5045 7547 
3 901 2803 5979 
3 312 2873 2884 
3 605 7093 7264 
3 3227 4103 4260 
3 508 3620 7165 
3 4237 5470 8728 
3 483 4807 7408 
3 5265 7243 8613 
3 435 437 8758 
3 3466 3474 4214 
3 5361 7393 9963 
3 3144 4032 7276 
3 5167 7938 8879 
3 4860 8142 8570 
3 2500 8395 9787 
3 4224 6841 9070 
3 5508 6654 7416 
3 179 8778 8780 
3 987 7588 8770 
3 1654 4372 6901 
3 5350 6077 8507 
3 194 5745 7793 
3 2330 3636 6675 
3 2996 5340 7097 
3 4822 9775 9822 
3 2425 4758 7915 
3 7172 8535 9011 
3 209 1305 7639 
3 3879 4577 9415 
3 303 2556 6187 
3 2170 7427 9380 
3 192 3530 6853 
3 184 1142 7789 
3 2206 4732 7059 
3 4972 8877 9749 
3 111 596 8144 
3 118 3476 8311 
3 3984 4890 4891 
3 2769 3082 8117 
3 7578 8038 8786 
3 1614 7098 7561 
3 3189 8114 8975 
3 729 8224 9931 
3 4376 5067 8961 
3 1831 4175 9571 
3 3044 7086 7942 
3 2520 9264 9421 
3 478 3777 5279 
3 482 6141 8417 
3 5107 8405 9218 
3 4285 6128 7883 
3 5557 7856 8361 
3 230 1728 9436 
3 121 6308 8135 
3 1517 1972 6411 
3 1485 6614 7741 
3 2485 2974 6902 
3 3493 5696 7590 
3 4523 4724 5906 
3 2512 2812 4952 
3 2808 5983 5993 
2 908 2771 
2 5747 9556 
2 3717 3727 
2 3716 8272 
2 8061 8244 
2 1695 6156 
2 274 7075 
2 6559 9031 
2 4232 4699 
2 781 7483 
2 7077 9793 
2 1350 1625 
2 7045 8462 
2 156 6682 
2 6720 8075 
2 3685 7606 
2 6177 6833 
2 2098 5483 
2 4899 5504 
2 2039 8009 
2 1496 4470 
2 7847 8530 
2 6937 8002 
2 4098 7187 
2 61 6545 
2 256 6607 
2 1226 1283 
2 311 1177 
2 424 4845 
2 507 833 
2 574 9736 
2 7017 8011 
2 1937 6428 
2 7730 8110 
2 2110 5304 
2 6265 8698 
2 3635 8045 
2 2271 2272 
2 5533 8500 
2 5617 8797 
2 2532 9126 
2 2602 8880 
2 5727 7864 
2 2827 4333 
2 5870 8220 
2 1749 4063 
2 5213 8561 
2 6429 8542 
2 1326 8868 
2 1696 5023 
2 2447 3307 
2 1171 7533 
2 1804 8494 
2 428 4913 
2 81 4427 
2 2298 7248 
2 866 4297 
2 1753 3023 
2 682 5938 
2 3053 5783 
2 3059 6026 
2 6971 9686 
2 4876 7550 
2 3108 7068 
2 1006 2657 
2 4588 8556 
2 5377 9498 
2 795 5382 
2 4980 9301 
2 1501 8159 
2 1513 8635 
2 1634 3690 
2 1984 2231 
2 7404 9457 
2 1917 9357 
2 4440 4966 
2 5260 5262 
2 5158 7337 
2 5754 7833 
2 6075 7682 
2 7830 9296 
2 1703 8473 
2 7929 8190 
2 959 8441 
2 903 6551 
2 4262 8924 
2 5480 6998 
2 803 9910 
2 4305 7367 
2 406 5008 
2 3469 3993 
2 2252 7030 
2 1789 7711 
2 1166 9932 
2 6539 8850 
2 3268 5907 
2 7292 9007 
2 7022 7138 
2 7139 9521 
2 538 6293 
2 1622 8968 
2 5632 7514 
2 3205 7067 
2 3266 9823 
2 3361 5585 
2 7453 8555 
2 3534 5472 
2 3846 4770 
2 182 8592 
2 1275 6237 
2 2673 4591 
2 1307 6257 
2 2310 6021 
2 2357 7584 
2 2583 6617 
2 1932 6412 
2 5910 6098 
2 1762 2393 
2 2900 4851 
2 1149 5010 
2 1191 9577 
2 3416 4843 
2 6799 7688 
2 3963 4060 
2 4048 6519 
2 1824 6533 
2 4019 4793 
2 6393 9548 
2 3854 5281 
2 2138 3705 
2 4453 4830 
2 4923 7281 
2 658 6848 
2 4283 4893 
2 668 3154 
2 9044 9698 
2 603 2645 
2 5693 9042 
2 5926 7102 
2 3286 7523 
2 6859 7129 
2 5900 8541 
2 921 2928 
2 4571 6643 
2 224 8085 
2 1770 3803 
2 3810 9297 
2 25 2026 
2 2961 9311 
2 7658 9411 
2 698 7000 
2 2899 6961 
2 1612 6454 
2 1878 3994 
2 2546 7985 
2 452 1190 
2 8001 9861 
2 2385 4236 
2 5100 9189 
2 3169 3382 
2 341 6222 
2 2664 9914 
2 275 5430 
2 5640 7574 
2 3611 4911 
2 3591 7071 
2 5838 6040 
2 3696 6185 
2 6509 7890 
2 6119 8000 
2 5828 6862 
2 5538 5809 
2 6195 6592 
2 6334 8231 
2 6031 7782 
2 6290 6923 
2 526 7852 
2 54 1775 
2 3454 9972 
2 746 2662 
2 659 2656 
2 582 3719 
2 4009 9101 
2 3619 9270 
2 2153 4691 
2 468 3990 
2 2280 9229 
2 238 9204 
2 1302 9554 
2 319 8334 
2 886 9146 
2 972 8554 
2 27 3523 
2 2709 9059 
2 9720 9825 
2 1134 7488 
2 1667 3754 
2 180 6283 
2 4821 9024 
2 3156 6850 
2 412 9933 
2 2525 6199 
2 2980 4525 
2 8034 8109 
2 1316 7261 
2 5549 7504 
2 999 6772 
2 2038 3413 
2 1873 8118 
2 6491 7011 
2 4209 6391 
2 1777 5635 
2 5386 6516 
2 7222 9150 
2 4520 4581 
2 379 1087 
2 4556 5778 
2 6792 8757 
2 6163 8546 
2 573 4987 
2 2010 4174 
2 3645 5014 
2 2154 5227 
2 5697 9400 
2 8508 9336 
2 1725 3383 
2 1880 4252 
2 422 4132 
2 3843 4034 
2 5257 5859 
2 5949 8098 
2 4705 8344 
2 1308 8318 
2 1237 2758 
2 533 3201 
2 4062 4438 
2 2706 9833 
2 5527 7005 
2 986 2733 
2 1664 3643 
2 1374 7183 
2 1290 4976 
2 5153 9929 
2 1964 7042 
2 5406 6631 
2 1915 5108 
2 3340 5619 
2 154 9321 
2 7882 8511 
2 583 2858 
2 5049 9638 
2 3788 5539 
2 1401 5029 
2 3546 5342 
2 911 2431 
2 3628 5466 
2 7921 9164 
2 5820 7822 
2 360 5681 
2 3088 5682 
2 3301 3464 
2 1497 7142 
2 2807 3275 
2 3752 9560 
2 2083 8862 
2 4832 8420 
2 302 5280 
2 4251 8796 
2 1148 7573 
2 5912 7986 
2 575 1147 
2 93 7607 
2 630 4929 
2 5229 6485 
2 3035 4426 
2 4450 6549 
2 3992 4681 
2 2192 3816 
2 5338 9055 
2 883 4483 
2 2553 5774 
2 2279 6260 
2 6686 7783 
2 4973 5287 
2 2186 4752 
2 4762 6039 
2 1766 4517 
2 1551 2988 
2 2770 4231 
2 3455 5498 
2 3329 8816 
2 5113 8380 
2 8012 9319 
2 2202 9239 
2 1954 3602 
2 2886 4622 
2 6511 6694 
2 1065 4769 
2 537 5700 
2 1399 6508 
2 823 6776 
2 2377 8860 
2 4388 5162 
2 3259 9712 
2 6554 8304 
2 3616 3662 
2 9171 9816 
2 322 1436 
2 1265 4165 
2 9451 9586 
2 7848 9715 
2 9057 9608 
2 8761 9370 
2 1238 8545 
2 1540 7661 
2 1613 5444 
2 5535 9399 
2 888 8275 
2 3074 6074 
2 6079 8439 
2 4379 9281 
2 2104 9176 
2 546 2121 
2 2895 7481 
2 1424 8203 
2 2603 7829 
2 1298 7217 
2 3191 7167 
2 5766 8992 
2 493 4667 
2 4263 9097 
2 1002 5819 
2 5814 7717 
2 3796 7844 
2 8232 8695 
2 273 7652 
2 4954 8957 
2 4505 6690 
2 7266 9869 
2 8747 8984 
2 2423 6704 
2 2439 7467 
2 2380 6570 
2 3586 3623 
2 4545 5453 
2 938 4928 
2 2963 5448 
2 5099 9245 
2 1920 2823 
2 4754 9664 
2 8455 9592 
2 1444 7099 
2 5333 9812 
2 6493 9284 
2 2889 6319 
2 814 8988 
2 1162 3399 
2 6606 6821 
2 4806 9248 
2 1462 7564 
2 3671 8599 
2 3759 9500 
2 6714 8685 
2 3804 6618 
2 1187 8604 
2 1405 4354 
2 1854 7321 
2 7716 9107 
2 660 6109 
2 3343 4641 
2 598 626 
2 1558 6390 
2 2051 6343 
2 3256 6337 
2 2128 4594 
2 7179 8359 
2 394 4457 
2 6212 9060 
2 734 6054 
2 5512 6000 
2 1583 9474 
2 6007 7342 
2 5141 9386 
2 826 2691 
2 7668 9050 
2 4813 5811 
2 3041 5299 
2 3049 3057 
2 161 6788 
2 1198 8104 
2 4602 9981 
2 7270 8951 
2 4666 8972 
2 2906 6088 
2 5890 5915 
2 2839 3133 
2 1559 5463 
2 1581 6939 
2 4157 8768 
2 4050 5120 
2 697 8474 
2 677 9322 
2 2157 5225 
2 4464 6400 
2 3338 9851 
2 6284 9536 
2 3027 3220 
2 2797 8713 
2 1521 3492 
2 3503 9434 
2 5742 9041 
2 7872 9051 
2 2522 9020 
2 5921 7626 
2 6753 9375 
2 1478 6474 
2 1808 6065 
2 1882 9298 
2 2597 9345 
2 2537 6142 
2 3348 7239 
2 7061 8415 
2 5273 7015 
2 5238 8540 
2 9634 9890 
2 4269 8251 
2 4059 4956 
2 5133 8624 
2 6797 8228 
2 269 3916 
2 5188 7431 
2 38 7279 
2 1082 2551 
2 3695 4739 
2 7381 8214 
2 2415 7745 
2 72 8429 
2 8147 9821 
2 5032 5419 
2 51 3110 
2 3321 6868 
2 1575 2424 
2 1020 6435 
2 7919 8855 
2 6650 9145 
2 695 6143 
2 6804 8628 
2 6441 9010 
2 2502 8794 
2 3467 5782 
2 2504 6730 
2 4184 4444 
2 686 8610 
2 1597 6562 
2 1580 6751 
2 4247 4768 
2 1466 6006 
2 3242 3585 
2 3173 9240 
2 6921 7989 
2 965 2692 
2 7660 9479 
2 5973 8559 
2 3391 8560 
2 9312 9682 
2 5807 6018 
2 2200 6339 
2 2436 8819 
2 2890 6743 
2 1658 9259 
2 2420 8155 
2 1333 3217 
2 3210 3495 
2 837 4002 
2 1942 6055 
2 871 9193 
2 2116 3813 
2 2161 8128 
2 881 1059 
2 1412 6924 
2 1541 7900 
2 7334 8463 
2 3502 6402 
2 4701 7732 
2 5851 7772 
2 1594 4327 
2 3444 7058 
2 8446 8933 
2 895 9706 
2 2821 8742 
2 1635 7343 
2 5469 9175 
2 323 3373 
2 5150 9473 
2 786 1413 
2 3222 7306 
2 2543 5740 
2 6905 8381 
2 7855 8881 
2 7433 7766 
2 2066 5038 
2 7656 9623 
2 2695 2740 
2 5274 9648 
